An Nc
Am Am Nc
Am Nc Cp Af Nc Punct
Am Nc R Nc Punct Nc Cp Nc Punct
Nc Punct
Nc R Nc Punct
Nc R Nc Punct
Cp Pn Nc R Nc Punct
Cp Pn Nc Dl Punct
Cp Pn Nc Cp Nc R Af Nc Cp R An Nc Punct
Vni Nc Punct Pr Vxi Vpi Tx Vpp Punct
Vni Nc Punct Pr Vxi Vpi Tx Vpp Punct
Dd Vpi A Nc Punct R Pr Tn Vpi Tx Vpi Pn Punct
Cs Vpp Nc Dl Punct Tx Vpp Nc Punct
Cs Vpp Nc Dl Punct Tx Vpp Nc Punct
Cs Nc R Nc Punct Tx Pp R Nc R Nc R R Punct R Nc Punct R Nc Punct Te R Nc R Nc Punct Pr Pp Vpp Nc Punct
Vpi Dd Pf Punct Pp Punct
Pi Punct
Pc Nc Vni Nc Punct
Pd Vxi Vpp R Nc Punct Pp Vxi Am Nc Cp Vni Tx Vpp Nc R Ps Nc Punct
Nc Pp R Nc Punct Np Punct Np Cp A Nc Punct
Am Nc Vxi Nc Punct
Cc Nc Tn Vpi Tx Vxi Pc Punct
Nc Vni Tx Vyp Vpp Punct Tx Vyp Af Punct
Dq Vpi R Af Nc Cp Vpi Nc R Nc Punct
Vni Nc Cp Vni Nc Punct R Pr Tx Vpi Nc Ps Punct
Pn Punct R Pf An Nc R Nc Punct
Cp Mc Nc R Pc Nc Vni Nc Punct
Nc Vpp Dm Cp A Nc R Af Nc Punct
Am Nc Punct Np Punct Np Punct Nc Punct Nc Cp Nc R Nc Punct
Nc Tn Vxi Vpp Nc Punct
Am Nc Punct Cp Vpi Dt Tx Vpp R Nc Cp Nc Punct
Vni Tx Vpp Nc Nc Punct Tx Vpp Pc A A Nc Punct
Cp Cs Pp Vpp Punct Tx Pp Vpp R Dq Nc A Punct R Dq Nc A Punct
Nc Ps Af Nc Punct
Ta Vpp Cp A Nc R Af Nc Punct Tx Vpp Pc Ps Nc Punct Cc Tx Vni Tx Pp Vpi Dt Cp Dt Punct
Ta Vpp Nc R Nc Punct Cs Vpp Nc Ps Punct
Cp Tx Vpi A A Nc R An An Punct
Tx Pp Vpp R Af Nc Cp Tx Pp Vpp R An Nc Punct
Dq Pd Nc Pp Tx Vni Tx Pp Vpp R Nc Cp Nc Punct
Cc R Nc Vni Tx Vpp R Nc Ps Nc Punct
Nc Vxi Punct
Nc Vni Tx Vpp Punct
Vpp Dl Punct Pp Vpp Nc R Nc Cp Vpp Punct
Punct Ta Vyp Nc Punct
Cp A Nc Punct
Mc Nc Tx Vpp Np R Nc Mo Nc Punct Pr Nc Tx Vyp Vpp Punct
Pd Vpi Nc R A Nc Punct Vpp R Nc Dt Punct
Am Am Nc Te Tx Vpp Nc R Nc Cp Nc Punct
Am Nc Vpi Tx Vpi Cp Nc Punct
Nc Vpi Nc R Nc
R Nc R Nc Cp Np Pp Vpi Tx Vpi R Nc R Nc R Nc R A A Nc Punct
R Nc Nc R Nc R Punct Nc Punct Vpi Nc Punct
Pp Dd Vni Nc Tx Vpi R Nc Ps Nc Cp R Pd Pp Vpp Np Punct
Hm Te Vpi Nc Tx Vxi Dq R Ps Nc Punct
Cp Nc Punct Cp Nc Tx Vpi Nc R A Nc Vpi Am Am Nc Dt Punct
Nc Vpi R Mc R Mc Nc R Np
Nc Ps Am Nc Vpp R Mc R Mc Nc R Np R Nc Ps A Nc Punct
Am Am Nc Punct Np Punct Np Cp Nc Punct
R Nc Tn Vxi Dq R A Nc R Af Nc Punct
Nc Vxi R Nc Punct Cs Vpi Am Nc Cp Vpi Tx Vpp Pc Nc Punct Pr Vxi Vpp Punct Vpp R Punct Np Punct Vpp R Nc Np Punct
Punct Vpi Pf Nc R Nc R Nc Punct
Np Pp Vpp R Nc R Np
Am Nc Np Vpp Am R Nc R Nc R Nc Punct Vpp R Mc R Mc R Ps Punct
Punct Vpi Nc Punct Punct
Punct R Nc Vni Af Nc R Cs Pp Vpp R Pc Nc Tx Vpi Dd R Mc Punct
Nc Vxi R Nc R Punct Np Punct Am Nc Cp Hm Punct
R Nc Pp Vpi Nc Punct Cs Tn Vxi Vpp R Punct Np Punct Punct
Vpi Punct Cs Pp Vpp Punct Cs Pp Vpp R Nc Punct
Vpi Punct Cs Nc R Nc R Nc R Af Nc Cp Nc
Punct Vpp Nc Punct
Nc Punct Pr Vpp Mo Ps Nc R Np Punct Vxi Vpp Punct
Nc Vxi R Nc Punct Cc Tn Vpi Dm Punct Cs Vxi Vpp Punct
R Pp Vni Nc Pi Pp Vpp R Nc Punct
An Vxi Tx Vpi Punct Pd Am Nc Punct
R Np Vpp Punct Cs Vpi Nc R Nc R Np R Mc Nc Punct Cc Dq Vni Pn An Punct
Dm Np Pp Vpp R Mc Nc R Af Nc R Np Cp Dt Vxi Vpp Punct
Hm Vpi R Np Nc R Nc
Nc Tx Vpp R Am Nc Tx Vpp R Af Nc R An Nc R Nc Ps Punct
Nc Vxi Tx Tn Pp Vpp Nc Ps R A Punct Vpp R Pp Vpp Nc Punct
Pd Vpp Nc Hm R Af Nc R Mo Nc R Nc R Af Nc R Af Nc Punct Np Punct Punct Pr Pp Vpp R Np Dt Punct
Np Vpi Cp R Nc R Am Nc Punct Vpp R Nc R Np R Nc Punct
R Pp Pc Nc Nc Pp Vpi Nc Dd Ps Nc Punct Vpp Dq Hm Punct
Nc R Np R Np Vxi Np Punct Np Punct Np Punct Np Punct Np Cp Np Punct
Nc R Nc Vpp Nc Mc R Nc
Nc R Nc R Np Vpp R Mc Nc Dt Punct Cs Vpp Nc R Nc Mc R Nc Punct Vpp Nc Punct Punct Vpp Np Punct
Vpi Pp Nc R Nc R A Nc Tx Vpp R Nc Cp R Pp Punct Vpi Ps Nc Punct
Nc R Nc Vxi Vpp R Nc R A Nc R Af Af Nc Punct Pr Vpi Punct Cs Nc R Nc R Np Vxi Vpp R Af Nc Punct
Nc R Nc Cp Nc R Nc Vxi Pp Vpp Dq Punct Cc Nc Pp Vpp R Nc R Nc Punct Cs Pd Cp Af Nc R Np Pp Vpi A R Af Nc Punct
Nc R Nc R Np Hm Vpp Dt Punct Cs Vni Nc R Nc R Nc Cp Cs R Nc Vxi Vpp Md A Nc Punct
R Pp A Nc R R Nc Nc R Nc Vxi Dq A Cp Np Vxi Vpp Pp Tx Vpp R Af Nc Punct
Tn Vxi Af Nc Cp Tn Vpi A Nc Punct Vpp Nc Np Hm R Nc Ps Nc R Nc R Np Punct
Nc R Ps Nc R A Nc Vxi Tx Vpi Nc R Pp R Vpi Af Nc Punct
Nc R Nc Vxi Af R Pd Tx Vxi Vpp Punct Np Cp Nc R A Nc R Nc Ps Tx Vpi A Nc Punct
Dt Tx Vpi R Np Punct Hm Pp Vpp Cp R Np Punct Am Nc Cp Np Punct
Am Nc Vni Tx Vpp Am Nc R Nc Punct
R Pd Nc Pp Vpp Np Punct Nc Cp Nc Hm Punct
Nc Dd Vxi Vpp R Nc Punct
Nc Dd Vpi Nc R Nc Punct Pr Vni Nc R Nc Punct Vpp Dq Hm Punct
Am Nc Tx Vpi Hm
Nc R Nc Pp Vpp Punct Cs Vxi Nc
Nc Punct Pi Vxi Vxi Nc R Af Af Nc Punct Vpp R Nc Dt Punct
Pd Am Nc R Nc R Nc Np Tx Vpp Nc Nc R An Nc Punct
Mo Mc R Nc R Nc Pp Tv Vpp Punct Cs Tn Vxi Vxi Vpp Punct R Tx Vpp Punct Np Hm Punct
Pd Vxi Np Punct Np Punct Vpp Nc Punct Np Cp Np Punct
Nc R Hm Cp Nc R Nc R Np Vxi Vpp R Am Am Nc Np R Mc Nc R Nc R Nc R Nc Punct
Pd Nc R Af Af Nc R Nc R Vpp Nc Punct Pr Nc Tn Vxi Vpp Punct
Pd Nc R Hm Dm Vpp Punct
Nc Pp Vpp R Nc Tx Vpp Nc R Hm R An Nc Cp Nc Punct
R Nc R Np Hm Vpp Nc R Nc Punct
Np Vpp Nc Punct
Vpp Pp Punct Cs Mc Nc R Np Punct Vpi Punct R Nc Punct Pr Pp Vpp R Np Hm Punct

Cs Pp Vpi Punct Cs Pp Vni Tx Pp Vpp R Pp Punct Md Pp Vpp Punct Vpp Hm R Nc R Punct Np Punct Mc Punct Pr Pp Vpp Pi Pp Vxi Nc Punct
Nc Vpp Nc R Hm Punct Cs Vpp Nc R Nc Punct Vxi Vpp R A Nc Punct Cp Nc Ps R Nc R Nc R Nc Vxi Vpp Punct
R Nc R Nc Np Pp Vpp Punct Cs Mc Nc R Nc Vpi A Nc Cp Vpi Tx Pp Vpi Pi Pi Vxi Vpi Punct
Am Nc R Nc
Nc R Nc R Punct Np Punct Np Vxi Vpp R Nc R Nc R Np Punct Vpp Am Nc Vpp Dt Punct
Am Nc Vxi Vpp A Nc R Am Nc Punct
Vpi Dd Tn Vpi Tx Pp Vpp Punct Cs Nc R Nc Vxi R Nc Punct Cs Pp Vpi Nc R Nc R Nc Punct
Vpp Nc Vpi Nc Vpp Nc Ps R Nc Punct Cs Vxi Vpp Af Nc Punct
Dt Dd Vpi Nc Vpp Nc R Nc Punct
R Pf Nc Punct Np Punct Vpp Mc Nc A Nc R Af Nc Punct
Np Pp Vpp R Nc
Np Vpp R Nc R Nc Punct Vpp Pp R Nc Nc Cp Vpp Dm Mc Punct Vpp R Nc Punct
R Nc Nc Punct Vpp R Af Nc Punct Pp Vpp R Nc Punct
Nc Nc R Nc Cp Nc R Nc Punct
Pd Dd Vxi Vpp Tx Vpp Mc Nc Punct Pr Vpi Nc R Af Nc Punct
Mc Nc Cp Nc Vxi R Af Nc Cp A Nc Punct
R Nc Vxi Vpp Am Nc Vpi R Nc Punct
Vpp Pp Vpi Dd R Nc Punct
Hm Tx Tn Pp Vpp R Nc R Np
Am Nc Nc R Np Hm Vpp Dt Punct
Cs Nc R Nc R Nc Vpi A A Nc R Nc Hm Punct Pd Am Nc R A Nc Cp Nc R An Nc Punct Nc Ps R Nc Vpi Ti Punct Vpi Punct
Cs Nc R A Nc Vxi Vpp Nc R A Ps Nc Punct Dt Vxi Af Nc Punct

Dq Dm Vxi Dd Punct Pr Vpi Pp Vpp R Nc Punct Cs Tn Vpi Pn Nc Punct
Pi Pd Pp Vpp R Nc Tx Vpp Am Nc Punct
Dt Punct Dd Vxi Vpi Tx Vpp Nc R Nc Ps Punct Vpp Am Nc Punct
Dt Punct Tm Te Tx Vxi Vxi Vpp R Nc R Nc Punct
Pd Nc Tn Vxi Vpp R Hm Punct
Mo Cp An Punct Np Tn Pp Vxi Vpp R Nc R Nc R Np Punct
Ti Np Vpi A Nc Cp An Nc R Nc Punct
Am Nc
Nc Ps Nc Punct Vpi Ti Nc Punct
Nc Punct Mc Nc Punct Punct Nc Punct Np Punct
Punct Vpp Pp Tx Pp Vpi Dq Nc Cp Tx Tn Pp Vpi Md R Nc Ps Punct
Am Nc Punct Mc Nc Punct Punct Np Punct Np Punct
Punct Np Punct
Cc Pr Nc Vpp Punct Tx Pp Vpp Dq Punct
Pd Dt Vpi R Nc R Pc Punct
Nc Punct Mc Nc Punct Punct Nc Punct Np Punct
Punct Vpp Pp Dd R Nc R Af Nc Punct
Nc Pp R Mc Nc Tx Vpp Punct Cs Pp Vpp Punct Cp R Pd Vpi A Nc Punct
Nc Punct Mc Nc Punct Punct Nc Punct Np Punct
Cc Cs Vpp Nc Punct Vxi Vpp Punct
Vpi Punct Cs Pd Nc Tx Pp Vpp Tx Pp Vpi Pi Tx Vpp Nc Punct
Am Nc Punct Vpp Nc Punct Punct Nc Punct Np Punct
Punct Ta Punct Np Punct
Cc Nc Punct Cs Vpp Nc R Nc Punct Vxi Md Am Punct Cs Pd Vpi Nc R Ps Nc Punct
Nc Punct Mc Nc Punct Punct Nc Punct Np Punct
Punct Tn Punct
Cc Cs Vpp Pd Nc Punct Vxi Vpp Punct
Cs Pp Vpi Dd R Af Nc Punct Vxi Vpp Tx Vpp Dt Punct
Nc Punct Mc Nc Punct Punct Nc Punct Np Punct
Punct Vpp Pp Punct Cc R Nc R Mc Nc Tn Vpi Md Punct
Vpi Pp Dd Tx Vni Nc R Pd R Af Nc Punct
Nc Punct Mc Nc Punct Punct Nc Punct Np Punct
Punct Ta Punct Np Punct
Vpi Tx Tn Vpi Md Nc Punct Cs Tn Vpi Md Punct
Np Hm Punct Mc Nc Punct Punct Nc Punct Np Punct
Punct Vpi Pp Punct
Am Nc Dd Vxi Vpp Nc Ps Nc R Nc Punct Cs Dm Tx Vxi R Nc Ti Vpi Nc Cp Tn Punct
Nc Punct Mc Nc Punct Punct Nc Punct Np Punct
Punct R Nc Tn Vpi Md Nc Punct
R Af Nc Tn Vxi Vpp Punct Cc Tn Vxi Vpp R Pd Pf Punct
Np
Nc R Af Nc Np
R Af Nc Vpi Nc Punct Np Cp An Nc R Nc Punct
Pd Pp Vpi R Af Nc R Am Nc R Nc R Mo Nc Punct Vpp R Np Punct
R Nc Af Nc Vpp Nc R Mc Nc Punct R Pr Pp Vpi Nc R Nc R Af Nc R Nc Punct Pr Vni Tx Vpp R Nc R Mo Nc Punct
Af Nc R Pd Nc Vpi Dd R Nc Punct Vpi Nc R Nc Punct
Hm Vpp R Mc Nc R Np
Nc Np Vpi R Nc R Nc Np R Mc