NAMEper NAMEper PVfin .
NAMEper NAMEper PVfin .
NAMEper PNsf Ntmp ADV NN ADJifin PVfin PSE ADV NAMEloc Pgen VN Pgen NF P VN VADJi NF PVfin PSSb .
ITJ .
ADJ_n PVfin PSSb .
CNJ ADV Ntmp Pgen -- CDdate P P Vte VAUXfin NF PVfin PSSb CDdate PVfin PSSa NN Pgen NF ADVwh PVfin PSE .
CDdate PVfin PSE .
CDdate Pfoc Ntmp Pfoc NN Pnom Vfin PSE PQ Vfin PSSb .
NN Pgen Ntmp Pfoc ADJifin PVfin PSE .
ITJ .
ADVdem Vfin PSSa CDdate Pgen NT Nsf Pcnj Pfoc ADVwh PVfin PSE .
NT PVfin PSE .
Vfin .
NN P CDdate PVfin PSSa Nwh Nsf Vte VAUXfin NF P Vfin PSE PSE .
CDdate PVfin PSSa CDU Pgen VN Pgen NN Pnom CDdate Pgen NT P Vfin .
Vfin .
CDdate Pgen NT Pfoc CDtime P VN Pnom Vte ADV ADV ADVdgr ADJifin NN NN P Vte VAUXfin PSSa ADJifin NF PVfin PSSb .
ADVdem Vfin PSSa CDdate Pgen NT Pfoc ADVwh PVfin PSE .
ITJ .
ADJ_n PVfin .
ADJ_n PVfin PSE .
ITJ .
CNJ ADVdem Vfin PSSa NT Nsf PVfin PSSa NT NT Vfin PSSa NN NN P Vfin NF PVfin PSSb .
Ndem Pfoc ADJ_n PVfin PSE .
ITJ .
ADJ_n PVfin .
CDdate Pgen NT Nsf P CDdate Pgen NT NAMEloc VN P Vfin PSSb .
CDdate Pgen NT P VN Pnom ITJ NN Pfoc Nwh Pfoc Vfin PSSa .
ADJ_n PVfin .
ADVdem PVfin PSE .
CNJ NN Pgen NF Pfoc CDdate Pgen NT P CDdate Pgen NT NAMEloc VN P Vfin NF P Vfin .
ADJdem NN P CNJ NN NF PVfin PSSb PRON Pgen NF P NN Pacc Vte VAUXfin NF PVfin PSSb CDdate Pgen NT PVfin PSSa CD UNIT Vfin NF PVfin PSE .
Ndem P NAMEorg NAMEorg PQ Vfin NF PVfin PSE NAMEorg NAMEorg PVfin PSSa NAMEloc Nsf Pnom CDtime P Vte NAMEloc Nsf Ntmp Pgen CDtime CDtime NAMEloc Nsf P Vfin .
NAMEorg PVfin PSSa ADV ADVdgr NN Pnom ADJiku Vte CDtime CDtime NAMEloc Nsf NAMEloc Nsf CDtime CDtime P Vfin PSSb NN Pgen NF Pfoc Nwh Pnom NN ADJifin PVfin PSE .
ADVdem PVfin PSE ADV ADV VADJi PSSa .
ADJifin NN Pgen CDtime CDtime Nsf PVfin PSE Ndem Pgen NF P Vte VAUXfin PVfin PSE .
CNJ Ndem NAMEorg P Vfin PSSb CDtime CDtime NAMEloc Nsf P NAMEloc Nsf CDtime CDtime P VN VSfin .
CNJ VN NN NF PVfin PSSb CDU NN Pfoc CDdate Pgen NT PVfin PSSb NN Pacc Vfin NF Pfoc CDdate Pgen NT P Vfin .
ADVdem Vfin PSSa Ndem Pfoc NAMEorg P Vfin NF PVfin PSE .
CNJ Ndem NN NAMEloc P Vfin NF Pnom ADJifin PVfin PSE .
ITJ .
NN P ADV NN Pgen NN Pfoc Vfin PSSa .
VN PQ Vfin NF P Vfin PSSb .
ADVdem PVfin PSE .
ADVdem Vfin PSSa NAMEloc Nsf Pnom CDtime Pcnj CDtime Pcnj NN Vfin PSSb ADV ADJifin NF PVfin PSE NN Pgen NF Pnom Vfin PSSa ADJiku Vte Pfoc ADJiku Vfin PQ Vfin NF Pnom ADV NAMEloc P CDtime ITJ CDtime NAMEloc Nsf Pnom Vfin NF PVfin PSSb .
Nwh Pnom ADJifin PVfin PSE .
Vfin NN Pfoc ADJ NF PVfin PSE PSE .
ADV CDU Pnom NAMEloc NN P NN Pnom NAMEloc Nsf NF PVfin PSE .
CNJ NAMEloc Nsf CDtime CDtime CNJ NAMEloc Nsf CDtime .
CNJ ADV CD UNIT Pgen NF Pnom NAMEloc Nsf CDtime CDtime NAMEloc Nsf CDtime P Vfin .
Nwh Pnom ADJifin PVfin PSE .
ADVdem PVfin PSE NAMEloc P Pfoc VN Pcnj Vfin PSE .
ADVdem PVfin PSE .
Ndem Pgen NF Pnom NN Pfoc ADVdgr NN P Vfin PSSa .
CNJ NAMEloc Nsf CDtime CDtime P Vte Pfoc ADJifin PVfin PSE .
ITJ .
VN VSfin .
ITJ .
CNJ VN NN Pfoc Ndem Pgen NF P VN VSte VAUXfin .
NN Pgen NF Pacc VADJi Pfoc Vfin PSE PSE .
ADVdem PVfin PSE .
NN NF PVfin PSSb .
ADJdem NN NAMEloc Pacc Vte VAUXfin Vfin VN Pacc Vte Ndem P NN P Vfin PSE NAMEloc PQ Vfin NN Pacc Vfin NF PVfin PSSb Ndem Pgen NF P ADJifin PVfin PSE .
ADJifin PVfin PSE .
NN P Vfin NF PVcnd ADV NN ADJ_n ADJsf NF Pnom Vfin NF PVfin PSE PSE .
ADVdem PVfin PSE CDU ADJ_n ADJsf NF P Pfoc ADJifin NF PVfin PSSb NN P ADJifin NF Pfoc Vte ADV NN Pgen NN Pnom ADJifin PSE PQ Vfin PSSb .
ADV VN Pgen NN Pfoc NN P ADJifin PSSa ADJ_n PVfin PSE PSE .
PRON Pfoc Ndem P ADVdgr NN ADJifin PVfin .
ADVdem PVfin PSE .
CNJ PVfin PSE NN Pcnj NN Pgen NN Pgen NF NF PVfin PSSb Nwh Pfoc ADJ_n PSSa PRON P Vte Pfoc NN Pgen NN P VADJi PSE PQ Vte VAUXfin NF PVfin PSSb .
NN Pgen NF P NN Pnom ADJifin NF PVcnd PRON Pfoc NN Pgen NF Pnom ADJifin PVfin PSE .
CNJ NN P Vfin PSE .
ADVdem PVfin PSE .
ADVdem PVfin PSE VN Pgen NN VN Pfoc NT PVfin PSSa NN Vfin PSE .
ADVdem PVfin PSE PSE .
ADV NN Pnom Vfin NF PVfin PSSa ADVdgr NN Pfoc Vte VADJi PVfin PSE PSE .
PRON ADV NN Pgen NN PQ Vfin NF Pacc Vte VADJi NF PVfin PSSb .
ADJifin PVfin PSE .
PRON Pfoc Vte VADJi PVfin .
CNJ ADVwh Vfin PSE .
ADVdem PVfin PSE .
CNJ ADV Ndem P .
ITJ .
CNJ ADV NN Pcnj NN Pfoc Ndem P Vfin PSSa VN Pnom Vbas PADV VN Pgen NF P ADV VN Vfin PSSa NAMEper PNsf Pgen NF Pfoc Vbas PADV VN VSte VAUXimp .
ITJ .
Vfin .
VN VSfin .
VN VSfin .
NAMEper NAMEper PVfin .
NAMEper NAMEper PVfin .
GR .
NAMEper PNsf .
GR .
NAMEper PNsf .
Ntmp PVfin PSSa Ntmp Pgen NAMEloc VN Pgen NF Pgen VN Pacc Vte Vfin PSE .
ADVdem PVfin PSE .
NN Pgen NF NF PVfin PSE .
ADJ_n PVfin .
ADJ_n PVfin .
CNJ ADV NN P VN VSfin .
ITJ .
Ntmp P NN NF PVfin PSSb .
PRON Pgen NF Pfoc CDdate P ADVdgr NN Pnom Vte ADV CDdate P Vcnd PQ Vte VAUXfin NF PVfin PSSb .
NAMEper PNsf Pgen NF Pgen NN Pfoc ADVwh PVfin PSE .
PRON Pgen NF Pfoc CD CDdate Pgen NF P Pfoc VADJi NF PVfin PSSb .
ITJ .
NAMEper PNsf Pgen NF Pnom CDdate Pnom ADJifin PQ Vfin NF PVcnd PRON Pgen NF Pfoc CDdate P Pfoc Vfin PSSa .
CDdate P VN VSfin .
ADVdem Vte VAUXfin PSSa ADJifin PVfin .
PRON Pgen NF Pnom CD CD -- VN Pnom Vte VAUXfin PSSa .
CDdate Pgen Ntmp Pgen NF PVcnd ADJdem CDdate Nsf CDdate Nsf PQ Vfin PSE NT PVfin PSSa ADJifin NF PVfin PSSb Nwh Pgen NF Pnom ADJifin PVfin PSE PSE .
ADVdem PVfin PSE CDdate P PQ Vfin NF Pnom PRON Pfoc ADJifin PQ Vfin NF PVfin PSSb Vte VAUXfin PVfin PSE .
ITJ .
Vte VAUXfin .
ADJ_n PVfin .
CNJ ADVdem PVfin PSE CNJ CDdate VN PQ Vfin NF P ADV ADJifin PVfin PSE PSE .
Ndem Pnom ADJifin PQ Vfin .
ADVdgr NN Pgen NF P Vte Pfoc ADJifin PSSa .
CNJ CDdate P VN VSfin .
CNJ CDdate P VN PQ Vfin PSSa NT P Ndem P Vte VAUXfin NF P Vfin PSSb ADJ_n PVfin PSE .
ITJ .
ADV Vfin .
CNJ CDdate P ADV VN PQ Vfin NF P .
CNJ CDdate CDdate P Ndem P VN VSfin NF P Vfin .
CNJ PRON Ntmp ADV NAMEloc Nsf Pgen NN Pacc Vte NN Pgen NN Pacc Vte VAUXfin NF PVfin PSSb Ntmp ADV ADV VN VADJi PQ Vte VAUXfin NF PVfin PSSb NT PVfin PSSa ITJ CDtime NAMEloc Nsf Pgen NN Pnom CDU Vte VAUXfin PSSa CNJ NAMEorg Pgen NF Pnom Vfin NF PVfin PSSb .
NN Pgen NN Pfoc ADV VADJi NF PVfin PSSb NAMEorg P Vfin PSSa NAMEloc P CDtime Nsf Vfin NF PVfin PSSb Ndem PVfin PSSa Ntmp Pgen CDtime Nsf P Vte VAUXfin NF PVfin PSSb ADJdem NF ADV Ntmp Pfoc ADV NF PVfin PSSb .
Nwh Pgen NF Pnom ITJ ADJifin NF PVfin PSE PSE .
PRON NN P Vfin NF ADJ_n PSSa .
ITJ .
Ndem Pfoc ADJiku NAMEloc Pgen NF P VADJi PSE PQ Vfin .
ADVdem PVfin PSE CNJ NN Pgen Ntmp P ADV VN PSSa .
ADJiku Vte VAUXfin NF Pnom .
ITJ .
Ndem .
ADJifin PVfin PSE .
CNJ ADJifin NF P NAMEorg P Vfin .
NN Pnom NAMEloc CDtime Nsf PVfin .
CNJ NN Pgen NAMEloc Pgen NAMEloc Pgen NF P CDtime CDtime P Vfin .
CNJ Ndem Pgen ADJifin NF P Vfin .
CNJ CNJ NN Pgen NF Pfoc ADJ_n PSSa ADV Ntmp VN VADJi PQ Vte VAUXfin NF PVfin PSSb NN Pnom NT P Ndem P Vte VAUXfin NF P Vfin PSSa NT P NAMEloc Pacc Vfin NF PVfin PSSb .
NT Pgen NF Pnom CDU NN Pnom Vte ADVdem PVfin PSE Ntmp CDtime Nsf P NAMEloc Pacc Vte CDtime Nsf P NAMEloc P Vfin NF Pnom CDU Vte NAMEloc Pcnj NAMEloc Pacc CDtime CDtime NN P Vte NAMEloc P ADV NT P Vte VAUXfin NF P Vfin NF PVfin PSSb NN Pgen NF Pfoc NN VN PQ Vfin NF Pfoc Vfin PVfin PSE .
ADVdem PVfin PSE NAMEloc P ADVdgr Pfoc ADJiku VADJi PQ Vfin PSSa .
ADVdem PVfin PSE PSE .
ADJifin NF Pgen NN P .
ADVdem PVfin PSE .
ITJ .
CNJ ADJifin NF Pgen NN Pnom CDU Vfin NF PVfin PSSb CDU Vfin NF Pfoc NAMEloc P Vfin PSSa NAMEorg Pcnj NAMEorg P CDU Vfin NF PVfin PSSb Ndem P PRON NN P Vfin NF Pnom ADJ_n NF PVfin PSSb .
Ndem Pgen NF P ADJifin PVfin PSE PSE .
Ndem P Vfin .
ADVdem PVfin PSE .
CNJ Ndem Pgen NF P VN VSte VAUXfin PQ Vfin NF PVfin PSSb NAMEorg CDtime CDtime P NAMEloc Pacc Vte CNJ NAMEloc Pgen NAMEloc Pgen NF P NT Pgen CDtime P Vfin NF P Vfin .
Ndem P VADJi PQ Vfin .
ITJ ADVtmp Ndem P VN Pgen NF Vte VAUXfin PSSa .
NN Pgen NN Pgen NF VN VSfin .
ITJ .
Vfin .
CNJ ADV Vfin PQ Vfin PSSa NN P VADJi PQ Vfin NF PVfin PSSb .
ITJ .
NN P VSte Pfoc CDU Nsf Pfoc Vte VAUXfin NF PVfin PSSb NAMEloc PQ Vfin NN Pcnj NAMEloc PQ Vfin NN Pcnj CNJ NAMEloc PQ Vfin NN Pnom Vfin NF PVfin PSSb .
ITJ .
ITJ .
ITJ .
ADVtmp NN Pcnj NN Nwh P Vfin PSE .
ADJifin VN P NN Pgen NF P ADV -- VN VSfin NF P Pfoc ADJifin PSSa .
NN Pgen ADV VSfin NF P Vfin PSSq ADV Vfin .
ADVdem PVfin PSE .
PRON Pfoc Ndem Pnom ADJifin PQ Vfin .
Ndem PVfin PSSa ADJifin NF PVfin PSSb .
ITJ .
CNJ NAMEloc PQ Vfin NN P Pfoc NN Pnom Vte NAMEloc PQ Vfin NN P Pfoc NN Pnom Vfin PADJ NF PVfin PSSb PRON ADJteki P Pfoc CDdate P ADV ADJ_n P Pfoc ADJifin PSE PQ Vfin NN Pfoc Vfin PSSa NAMEloc PQ Vfin NN P ADV VADJi PSE PQ Vfin NF PVfin PSSb ADVwh PVfin PSE .
ADVdem PVfin PSE .
NN Pgen NN PQ Vfin NF Pfoc ADV NN Pgen NF NN Pcnj ADV ADVdgr ADJifin NF PSSa .
ADV Ndem P Vfin .
CNJ CNJ NAMEloc PQ Vfin NN P VN PQ Vfin NF P .
ITJ .
VN VSfin .
Ndem P VN VN Pgen NF Pfoc VN VSte ADJifin PVfin PSE PSE .
ADVdem PVfin PSE NN Pgen NN PVfin PSSa CD CD UNIT PSSa .
ITJ .
ITJ .
PRON Pgen NF P VN Pfoc VSte VAUXfin .
CNJ VN VSfin .
CNJ CNJ VN Pacc NN NN PVfin PSSb NAMEloc PQ Vfin NF PVfin PSSb .
NAMEloc Pgen NF Pnom ADJ_n PVfin PQ Vfin PADV VN NN PSSa PRON Pgen NF P ADVdgr ADJifin NN Pacc Vte VAUXfin PSSa .
ADV Ndem P Vte VAUXfin PSE .
ADV ITJ VN VSfin .
CNJ Ndem Pgen VN Pgen NF Pfoc PRON Pgen NF P PRON Pgen NF P ADJiku Vte VAUXfin PSSa ADV ADJdem Ntmp CDdate P NN Vfin PSSa ADV Ntmp NN Pnom Vfin Ntmp P VN VSfin PSE .
ADVdem PVfin PSE .
CNJ VN VSte VADJi PQ Vfin .
CNJ Ntmp Pfoc Vfin NF P .
CNJ GR .
ITJ .
ADJiku Vfin .
NAMEper NAMEper PVfin .
NAMEper NAMEper PVfin .
NAMEper PNsf Ntmp Pgen VN Pgen NF NF PVfin PSSb NN PRON Pgen NF P CDdate CDdate CDdate P ADV ADV Vte Pfoc VAUXfin NF PVfin PSSb CDdate Pgen CDdate P VN VSte .
ITJ .
CNJ CDdate Pgen CDdate P VN VSfin PQ Vfin NN P ADVwh PVfin PSE .
Vte VAUXfin PSE .
CDdate Pgen CDdate P Pfoc CDdate P VN VSfin CDdate P Pgen NT P .
ITJ .
PQ Vfin NF Pfoc ADVwh PVfin PSE .
Ndem P Pfoc VADJi PSSa VN VSfin .
Ndem PVcnd CDU Nsf Vte VAUXfin NF P Vfin NF PVfin PSE .
NT P Vte VAUXfin PSSa CDdate Pgen CDdate P VN VSfin .
ITJ .
CNJ NN NN Pgen NN NF PVfin PSSb NT PVfin PSSa CDU NN Pnom Vte NAMEorg CD CD UNIT PQ Vfin NF Pnom NAMEloc CDtime CDtime P Vte NAMEloc Pgen NF P CDtime CDtime P Vte .
ITJ .
NAMEorg CD CD UNIT PQ Vfin NF Pfoc NAMEloc Pacc CDtime CDtime P Vte NAMEloc Pgen NF P ADV CDtime CDtime P Vfin NF PVfin PSSb .
ITJ .
VN VSfin NN Pfoc CDtime Nsf P VADJi PSSa .
PRON Pgen NF Pfoc Vfin NF PVfin PSSb NAMEorg Pgen NF Pnom ADJ_n PSSa .
ADV NAMEorg Pgen NF P VADJi PQ Vfin NF PVfin PSSb .
NAMEper PNsf ADVwh PVfin PSE .
PRON Pfoc NN Pnom PVfin PSE NAMEloc Nsf Pnom Vfin NF Pnom ADJifin PSSa ADJifin NF Pnom ADJifin PQ Vfin .
ITJ .
ITJ .
CNJ NAMEloc Pacc CDtime CDtime P VN VSfin NAMEorg P NN P Vfin .
ITJ .
NAMEloc Pgen NF P Pfoc CDtime CDtime P Vfin .
CDtime CDtime .
ITJ .
CNJ NN Pgen NF Pgen NN Pgen NF Pfoc .
ITJ .
Vte VADJi PQ Vfin NF PVfin PSSb .
ITJ .
NT P NAMEloc Pgen NF Pacc VN VSfin PSSa Ndem Pgen NF Pfoc NAMEorg CD UNIT PQ Vfin NF Pnom NAMEloc Pacc CDtime P Vte CNJ ADV CDU CDU CD UNIT PQ Vfin NF Pfoc NAMEloc Pgen NF CDtime CDtime P VN VSfin NF PVfin PSSb PRON Pgen NN P Vte Pfoc NAMEloc Pgen NF P ADV ADJiku VN VADJi PSE PQ Vfin PSSa .
CD UNIT Pgen NF P NAMEloc Pacc CDtime CDtime P Vfin PQ Vfin NF P VADJi PQ Pfoc Vfin NF PVfin PSSb ADVwh PVfin PSE .
ADVdem PVfin PSE ADJifin NN NAMEloc P Pfoc PRON Pfoc VADJi PSSa .
Ndem P Vfin .
ITJ .
CNJ NAMEloc Pacc CDtime CDtime P Vte NT Pgen CDtime CDtime P VN VSte Vte VAUXfin NF Pfoc Ntmp NN Pnom Vfin PSSa Ntmp Pgen CDtime PVfin PSE NAMEloc .
ITJ .
CDtime PVfin PSE .
ITJ .
-- NAMEloc P Vte VAUXfin .
ITJ .
VN NF PVfin PSSb .
ITJ .
CDtime CDtime P Vfin PQ Vfin NF NF PVfin PSSb CDtime CDtime PVfin PSSa Ntmp ADJifin PVfin PSE PSE .
ITJ .
ITJ .
ITJ .
ITJ .
ADVdem Vfin PSSa NN Pgen NF NF PVfin PSSb .
NN P ADJifin NF Pnom VN VADJi PQ Vfin PSSa .
ITJ .
ITJ .
ITJ .
ITJ .
ADVdem PVfin PSE .
NN P ADJifin NN Pfoc CDU Vfin .
ITJ .
ITJ .
CNJ CDU Nsf ADVdgr NN Pnom ADJifin NF PVfin PSSb .
ITJ .
ITJ .
CDU Pfoc NN Pnom Vte VAUXte , CDU Pfoc NN Pnom Vte VAUXfin .
ITJ .
ITJ .
Ndem Nsf P NN Pnom ADJifin NF PVfin PSSb .
ITJ .
Nwh Pgen NF Pnom NN PVfin PSE PSE .
ADVdem PVfin PSE PRON Pfoc ADV NN ADJ_n PSSa .
ITJ .
NN Pnom Vte VAUXfin NF Pnom ADJifin PSE PQ Vfin PSSa .
PRON Pfoc NN Pgen NF Pnom ADJifin PQ Vte VAUXfin PSSa .
ITJ .
CNJ NN Pgen Vfin NAMEloc PQ Vfin NN P VN VSte VAUXfin .
VN VSfin .
NN Pgen NF Pfoc .
NN Pgen NF NF PVfin PSSb .
NN Pnom CD CD UNIT NN Pnom CD CD UNIT .
NN Pgen NF Pnom ADJifin PVfin PSE .
ADVdem PVfin PSE ADV ADV PQ Vfin NN P VADJi PQ Vfin PSSa .
NN Pgen NF P Vfin .
Vfin .
CNJ NN Pgen NF P VN Pacc Vte VAUXfin .
ITJ .
CNJ CDU Nsf Pfoc VN VSfin PQ Vfin PSSa ADV NAMEloc PQ Vcnd NN Pnom ADJifin PQ Vfin PSSa ADV -- -- -- ADV ADV ADV Vbas PADV NN Pfoc VADJi PSE PQ Vfin PSSa NN Pgen ADJifin NN Pacc ADV NN Pgen NN P Vte VAUXfin PSSa .
Ndem Pgen NF P Vfin .
ADV VN VSfin .
ITJ .
CNJ NN P Vte VAUXfin PSSa .
ADV ADJdem Ntmp Pfoc ADJiku VN VSfin .
ITJ .
Ndem .
ADJiku VN VSfin .
ITJ .
GR .
GR .
NAMEper NAMEper PVfin .
NAMEper NAMEper PVfin .
NAMEper PNsf GR .
GR .
PRON Pfoc PVfin PSE VN Pgen NF P VN Pnom Vte CDU Vfin NF PVfin PSSb .
ITJ .
ITJ .
ITJ .
VN Pfoc NAMEloc Pgen NAMEloc PQ Vfin NF P .
ITJ .
ADVdem PVfin PSE .
ITJ .
NN Pgen NF P VADJi PQ Vfin PSSb .
ITJ .
ITJ .
PRON CDdate Pgen PVfin PSE CDdate P .
ITJ .
ITJ .
ITJ .
ITJ .
CDdate P PVfin PSE NN Pnom ADJifin PQ Vfin .
CNJ ADVwh PVfin PSE .
ITJ .
ADVdem PVfin .
ADVdem .
PRON Pfoc CDdate Pgen CDdate P Vte VAUXfin PSSb .
ADVdem PVfin PSE .
ITJ .
CDdate Pgen CDdate PVfin PSSa CDdate Pgen CDdate P Vte VAUXfin NF Pnom PVfin PSE NT P Vte .
ITJ .
CDdate PVfin PSE .
ADVdem PVfin PSE .
ITJ .
ITJ .
ADJ_n PVfin .
CDU Nsf P Vfin NF P .
CNJ NN Pgen NF VADJi PQ Vfin PSSb .
ITJ .
ITJ .
ITJ .
CDdate NT NAMEorg CD UNIT Vte NAMEorg Pcnj NAMEorg Pcnj NAMEorg Pnom Vte .
ITJ .
ITJ .
ITJ .
ITJ .
ITJ .
CNJ NAMEloc Nsf NAMEorg P NAMEorg Pnom CDtime Nsf Pcnj CNJ NAMEorg Pnom CDtime CDtime Nsf NF PVfin PSE .
ITJ .
ITJ .
PRON Pfoc ADV Ntmp Pfoc ADJ_n PSSa ADV ADJifin NF Pnom ADJifin NF PVfin PSSb .
ITJ .
ADVdem PVfin PSE .
ITJ .
NAMEorg Pnom CDtime CDtime CDtime Nsf PSSa .
Ndem P Vfin PSE .
ITJ .
ITJ .
VN VSfin .
Vfin NF Pfoc CDtime CDtime PQ Vfin NF P .
ADJiku VN VSfin .
ITJ .
ITJ .
VN VSfin .
CNJ NN Pgen NN Pfoc ADV P Vte VADJi PQ Vfin .
ITJ .
NT CDdate P Vfin NF P CD UNIT Vfin .
ITJ .
ITJ .
CDtime P VN VSte , CDtime P NAMEloc VN P Vfin NF P -- CDtime CDtime NT CDtime CDtime P VN VSte ADV CDtime PVfin PSE P VN VSfin PSSa .
ITJ .
ITJ .
ITJ .
ITJ .
ITJ .
ADV NAMEloc P Pfoc Vte VAUXfin NF Pnom ADJifin PVfin PSE PSE .
ADVdem PVfin PSE .
PRON Pfoc ADVdgr Pfoc ADJiku Pfoc ADJifin PSE PQ Vfin PSSa .
NAMEloc Pacc VN VSfin NF Pnom Ntmp Pgen Ntmp Pgen NT PQ Vfin NF P .
NT Pgen CDtime CDtime P VN PQ Vfin NF P .
ADJifin PVfin PSE .
ITJ .
ITJ .
ITJ .
ITJ .
ITJ .
ADVdem Vfin .
ITJ .
ITJ NN Pgen NF Pfoc ADVwh Vfin .
NN Pfoc PVfin PSE VN VSfin NF Pnom CDtime CDtime PQ Vfin NF P .
ADJifin PSSa NN P ADJifin NF Pnom ADJifin NF P Pfoc ADJifin PVfin PSE .
ITJ .
ADVdem PVfin PSE .
ITJ Ndem P ADV Vfin NF PVfin PSSb .
NN NN P ADVdgr ADJifin PQ Vfin PSSa NAMEloc Pnom ADJifin PSE PQ Vfin PSSb .
ITJ .
ITJ .
ITJ NN Pgen NF Pfoc -- NN PVfin PSSa CD CD UNIT P ADV ADJ_n PSE PQ Vfin PSSb .
ADVdem PVfin PSE .
ITJ .
CNJ Ndem P Vfin .
ITJ .
CNJ NN Pgen NF Pfoc NN Pcnj NN Nwh P Vfin PSE .
ITJ .
NN P ADJifin PVfin .
ITJ .
CNJ NAMEloc Pgen NN P CNJ VN VSte VAUXfin PSE .
ITJ .
ITJ .
VN VSfin .
VN VSfin .
CNJ PVfin PSE CDdate ITJ Vfin NAMEloc PQ Vte VAUXfin PSSb Ndem P Pfoc ADJifin PVfin PSE .
ITJ .
ITJ .
ADVdem PVfin PSE .
CNJ NN Pfoc ADJ_n PQ Vfin PVfin PSSa Vfin PSSa .
VN Pgen NF Pfoc PVfin PSE Ntmp ADJifin NN P Pfoc NN Pacc Vte Vte VAUXcnd Vte Vte VAUXfin NF P Pfoc ADJifin NF PVfin PSE PSE .
ITJ .
ITJ .
ITJ .
ITJ .
ITJ .
ADVdem PVfin PSE .
ADJifin NN Nsf Pfoc VADJi PVfin PSE PSE .
ADVdem PVfin PSE .
CNJ Ndem Pgen NF P NN Pcnj CNJ NN Pnom ADJ_n ADJsf VN Nsf Pacc VN VSte VAUXfin PSSa .
ITJ .
ITJ .
CNJ ADJiku VN VSfin .
VN VSfin .
CNJ Ntmp Pfoc PRON P Vte VAUXfin PSSa .
ITJ .
ITJ .
ADJiku Vfin .
NN P VN VSfin .
ITJ .
NAMEper NAMEper PVfin .
NAMEper NAMEper PVfin .
NAMEper PNsf ADV NN ADJifin PVfin PSE .
ITJ .
VN Pgen NF VN VSfin PSE .
ADVdem PVfin PSE .
Vte VAUXfin .
ITJ .
ADVtmp NN Pgen NF NF PVfin PSSb ADVwh Vfin PSE .
PRON Pgen NF Pfoc CDdate Pgen CDdate P Vte VAUXfin PSSb .
PRON Pfoc Ndem Pnom NN Pnom ADJifin PVfin .
ADVdem PVfin PSE .
ITJ .
CNJ CDdate Pgen CDdate Nsf P ADJifin PVfin PSE .
ITJ .
ITJ CDdate -- VN PVfin PSSa CDdate Pgen NT P NAMEloc P Vte VAUXfin NF P Vfin PSSb .
ITJ .
-- .
ADJifin PVfin PSE .
ADJ_n PVfin .
ITJ .
CNJ NN NN Pgen NF NF PVfin PSSb ITJ ADVdgr Ndem Pgen NF P Vte VAUXfin NF PVfin PSSb .
ITJ .
PQ CDdate Pgen NT PVfin PSSa CD UNIT Vte .
ITJ .
NAMEloc Pacc CDtime Nsf Pgen NF Pcnj CDtime CDtime Nsf Pgen NF Pnom Vfin PSSb Nwh Pnom ADJifin PVfin PSE PSE .
Nwh Pnom NN P NAMEloc P Vfin PSE .
ITJ PVfin PSE ADVdgr NN Vfin NF Pnom CDtime VN Pgen NF P NAMEorg Pcnj NAMEorg Pgen NN P Vfin PSSb .
CNJ Ndem P VN VSfin .
ITJ .
NAMEorg Pcnj NAMEorg CDU P Vfin PSE .
CNJ NAMEorg P VN VSfin .
ITJ .
CNJ NAMEorg P CDtime Nsf P NAMEloc Nsf Pnom CDtime CDtime P ADJifin PVfin PSE .
ITJ .
ITJ .
CNJ Ndem Pgen NF P VN Vte VAUXfin .
VN VSfin .
CNJ NN Pgen NN Pgen NF Pfoc Vte VAUXfin PSE .
ADVdem PVfin PSE .
ITJ .
ITJ NN Pfoc CDdate NT VN P Vfin PADJ PSSa NT Nsf Pgen NF Pfoc CD UNIT Vte .
ITJ .
ITJ Ndem Pfoc NAMEloc Pacc CDtime VN Pgen NF Pcnj CDtime Pgen NF Pcnj CDtime Pgen NF Vfin PSSb .
CNJ NN P VN VSte NN VN VSfin PSE .
ADVdem PVfin PSE .
CNJ ADVdgr ADJifin NF P ADJifin PVfin PSE PSE .
ITJ .
CNJ NAMEloc Pacc CDtime CDtime VN P Vfin PSE .
Ndem P ADJifin PVfin PSE .
ITJ .
CNJ Ndem Pfoc NAMEorg Pgen CD UNIT P Vfin .
ITJ .
CNJ NAMEloc P Vfin NF Pnom CDtime P NT CDtime P Vfin PSE .
Vfin .
ITJ .
CNJ Ndem Pfoc ADV NAMEorg P VN VSfin NF P Vfin .
ITJ .
Vfin .
ITJ .
CNJ Ndem Pgen NF VN Vte VAUXfin PSE .
VN VSfin .
CNJ NN Pgen NF PRON Pnom NN NN VN VSte VAUXfin NF Pnom Vfin NF PVfin PSSb .
ADJiku Vfin .
CDU Pfoc NN Pnom Vfin NN P CDU Pfoc NN Pgen NN NN Pgen CDU Pfoc NN Pgen NN Pnom Vfin NF PVfin PSSb NN P ADJifin NF Pnom ADJifin PVfin PSE .
ITJ .
ITJ .
NN P ADJifin NF P VN VSfin .
CNJ NN P NN P NN Pnom Vfin NN P Vfin PSE .
ADJifin PVfin PSE .
VN VSfin .
CNJ NN Pcnj NN Nwh P Vfin PSE .
ITJ NN Pgen NF Pnom NN Pnom Vte ADJifin PVfin PSE PSE .
ADVdem PVfin PSE .
CNJ CD CD UNIT P CNJ NN Pgen NF P VN Pacc VSte VAUXfin .
ITJ .
ITJ .
Vfin .
Nwh PQ Vfin NN Pgen NN PVfin PSE .
Vfin .
NAMEloc PVfin .
ITJ .
Vfin .
VN VSfin .
ADVdem PVfin PSE CNJ VN Pgen NF Pfoc ADVwh Vfin NN Vfin PSE .
VN Pfoc ADVwh Vfin PSE .
ADV PRON Pfoc ADJifin NN Nsf Pacc VADJi PSSa ADV Pfoc ADJifin NN Nsf P VADJi PVfin PSSb .
ADVdem PVfin PSE .
CNJ NN Pgen NN Pacc Vfin NN P ADVdem Vfin NN Pfoc Vte VAUXfin .
ITJ .
VN VSfin .
CNJ ADV NN P Vte Pfoc Ntmp VN VSfin .
ITJ .
ITJ .
ADVdem PVfin PSE .
CNJ VN VSfin .
ITJ .
CNJ GR .
GR .
NAMEper NAMEper PVfin .
NAMEper NAMEper PVfin .
NAMEper PNsf Ntmp Pgen NAMEloc P Pgen VN Pgen NF P Ntmp NN ADV ADJifin PVfin PSE .
ITJ .
Ntmp PVfin PSSa ADV ADJifin PSSa .
CNJ NAMEper PNsf ADJiku Vfin .
ADVdem PVfin PSE .
NN Pgen NF ADV Ntmp P Vte VADJi NF PVfin PSSb .
ITJ .
PRON P Vte Pfoc CDdate Pgen NT Nsf Pnom ADJifin NF PVfin PSSb .
CDdate P Pcnj .
CDdate Pgen NT PVfin PSE .
ITJ .
PRON Pgen NF Pnom CD UNIT PQ Vte VAUXfin PSSa .
ADV NN PVfin PSSa ADV ADJifin NF PVfin PSSb .
Vfin .
ITJ .
CNJ CDdate P Pfoc Nwh Nsf Pnom ADJ_n PVfin PSE .
CDdate PVfin PSE .
ITJ .
CDdate PVfin PSSa NT PVfin PSSa ADVdgr ADJifin NF PVfin PSSb .
NN Pgen Ntmp Nsf Nsf PVfin PSSa ADVdgr ADJifin PVfin PSSb .
CNJ PRON Pgen NF Pnom ADJ_n PSSa .
ITJ .
CNJ CDdate P Vfin .
ADVdem PVfin PSE .
Nwh Nsf Pnom ADJ_n PVfin PSE .
CDdate Pfoc ADV Vte VAUXte .
CNJ PRON Pfoc CDdate P Pcnj .
ADVdem PVfin PSE ITJ .
CDdate Nsf Vfin PSSb CDdate Nsf PVcnd ADJ_n PVfin PSSa .
CNJ CDdate Nsf P Vfin .
ITJ .
CNJ CDdate VN P ADJifin PVfin PSE .
ITJ .
ADJifin PVfin PSE .
ITJ .
CNJ CDdate VN PVcnd CDdate P NAMEloc P VN PVfin PSE PSE .
CDdate PVfin PSE .
ITJ .
CNJ NN Pgen NF Vte VAUXfin .
ITJ .
CNJ CDdate Pgen NT PVfin PSSa NAMEloc Nsf Pfoc CDU P Vfin PSE .
CDtime CDtime P NAMEloc Nsf P .
ITJ .
NAMEloc P CDtime CDtime P VN PVfin PSSa CDtime P VN P Vfin .
Vfin .
NN P NN Pfoc Nwh Pgen NN PVfin PSE .
NAMEorg P Vfin .
ADVdem PVfin PSE .
Vfin .
ITJ .
CNJ NN Pfoc Vte VAUXfin .
ITJ .
CNJ CDdate NT Pgen NN Pfoc CD UNIT Vfin NF PVfin PSSb .
NT P CDdate CDdate Pgen NT P VN VSfin PSSa CDdate VN PVfin PSE PSE .
ADVdem PVfin PSE .
.
ADVdem PVfin PSE PSE .
ITJ .
CNJ CDdate Pgen NT Pgen NN Vfin PSE .
ITJ .
VN VSfin .
CNJ Ntmp ADV NAMEloc P Vfin NF Pcnj CDtime CDtime Pcnj CDtime CDtime P NAMEloc Pnom Vfin NF NN P Vfin NF Pnom ADJifin PVfin PSE .
ITJ .
ADVdem PVfin PSE .
PRON ADV CDU Vfin PQ Vte VAUXfin PSSa .
NAMEloc P ADJiku Vte VN VADJi PQ Vte VAUXfin NF PVfin PSSb .
CNJ NAMEloc P ADJiku Vfin NF Pgen NAMEloc Pacc CDtime Nsf P NAMEloc P CDtime CDtime P Nsf Pgen P Vfin .
ITJ .
ITJ .
Ndem P VN VSfin .
ITJ .
CNJ ADV Vfin PRON NN Pgen NF Pacc Vfin Ntmp Pacc VN VSte VAUXfin PSSa Vte VAUXfin PSE .
ADVdem PVfin PSE .
ADV Ndem PRON Ntmp NN P Vfin NF PVfin PSSb .
ITJ .
ADV VN Pgen NF P CDU Ndem Pgen NF Pnom Vte .
ITJ .
ITJ NAMEloc PQ Vfin NN Pnom ADVdgr ADJifin NN Pnom Vte NN Pfoc ADV NN Pgen NN Pcnj NN ADJifin NF PVfin PSSb .
NN NN Pgen NF Pfoc Vfin PSE .
ADV ADJifin PSSa CNJ Ndem P ADJifin PVfin PSE .
CNJ ADJdem NN Pnom ADV P ADJifin NN P ADJifin NN PVfin PSSa .
Ndem Pgen NN VN VSte VAUXfin PSSa .
VN VSfin .
ITJ .
ADVdem PVfin PSE CNJ NAMEloc P NAMEloc P CDtime Nsf P Vfin PSSa .
ITJ .
NN ADJdem NN P VN VSfin PSE .
ADVdem PVfin PSE .
ADVdem PVfin .
ADV VN VAUXimp .
NN Pgen NF ADV NN Pcnj NN P Vte .
CNJ NN Pgen NF ADVdgr Vte Vte VAUXfin NF PVfin PSSb .
ADJifin NF PQ Vcnd Vfin PQ Vfin PSSq NN P PSSa Nwh Pnom ADJifin PVfin PSE .
CNJ NN P NN P .
ADVdem PVfin PSE PSE .
ADV ADJiku VADJi PSSa .
CNJ NN Pgen NF P Vte VAUXfin PSSa .
ADVdem PVfin .
ITJ .
.
VN VSfin .
ITJ .
CNJ NAMEloc P CDtime Nsf P Vfin PSSa ADVdgr ADJifin NN P Pfoc ADJifin NF PVfin PSSb PRON Pfoc NAMEloc P ADV Vfin PSSa .
ITJ .
NN Vfin NF Nsf NN Pacc VN VSfin PSE .
ADVdem PVfin PSE .
Ntmp Pgen NAMEloc NN Pacc CDU VN VSfin NN Pcnj NN Pcnj Vfin PQ Vfin PSSa .
Ndem VN VSte VAUXfin PSE .
ADVdem PVfin PSE .
CNJ Ndem Pgen NF Vte VAUXfin .
ADJiku VN VSfin .
ITJ CNJ CNJ ADV .
ADV ADJiku VN VSfin .
ADJiku VN VSfin .
ITJ .
VN VSfin .
NAMEper NAMEper PVfin .
NAMEper NAMEper PVfin .
NAMEper PNsf GR .
GR .
ADV ADV VN VSfin PSSa .
NAMEloc Pgen VN Pgen NF Pacc Ntmp P VN VSfin NF Pfoc Vfin PSE .
ITJ .
ADJifin PVfin PSE .
CNJ ADV VN VSfin .
ADV ADVdgr ADJ_n ADJsf NN NF PVfin PSSb Nwh Nsf PVfin PSSa ADVdgr NN Pnom ADJifin PVfin PSE .
PRON CDdate Pgen NN Nsf Pnom Vte VAUXfin NF Pnom ADJifin NF PVfin PSSb Vte VAUXfin Ntmp Pnom ADJifin NF PVfin PSSb .
ADVdem PVfin PSE .
ITJ .
PRON NN Pcnj NN P Vfin VN Pnom Vte VAUXfin NF PVfin PSSb .
Ndem Nsf PVfin PSSa Vfin PSSa NAMEloc Nsf Pcnj PQ Vfin Vfin PSSa ADVwh PVfin PSE .
ITJ .
CDdate Nsf PVfin PSSa ADV VN Pnom Vte VAUXfin PSSa .
PRON Pfoc CDdate Nsf Pnom ADJifin NF PVfin PSSb .
CNJ ADV CDdate Pfoc ADVwh PVfin PSE .
ADVdem PVfin PSE .
CNJ PRON Pgen NF NF PVfin PSSa .
Vfin .
CDdate Pgen NF Pacc Ntmp Vte VAUXfin PSSa Vte VAUXfin NF PVfin PSSb .
ADVdem PVfin PSE .
ADV CNJ ADV VN VSte VAUXfin PADJ PVfin PSE .
ITJ .
ADVdem PVfin PSE .
CNJ PRON Ntmp NN Vfin PSSa CDdate Pgen CDdate Nsf P PVfin PSSa CDU Nsf ADVdgr Vte VAUXte .
ITJ .
ADV ADV PQ Vte VAUXfin NF PVfin PSSb .
CNJ CDdate Pgen NT P P Pfoc ADVwh PVfin .
ADVdgr ADJ_n PVfin PSSa CNJ CDdate VN PQ Vfin NF P ADJifin PVfin PSE .
ITJ .
CDdate P VN VSfin PSSa NT Pgen CDdate P Vte Vfin PSSb ADJifin PVfin PSE .
ITJ .
CNJ CDdate VN P CDdate VN PQ Vfin NF P .
VN VSfin .
ADVdem PVfin PSE .
ITJ .
CNJ PRON ADV NAMEloc NAMEloc CDU Pgen NN NN Pacc Vte VAUXfin PSSa Ntmp ADV Vte VADJi PQ Vfin NF PVfin PSSb .
ADJifin PVfin PSE .
ITJ .
VN VSfin .
PQ CDdate Pgen NT PVfin PSSa ADV NAMEloc Nsf NAMEloc Nsf NAMEloc Nsf Pnom CD UNIT Vte NAMEorg Pcnj NAMEorg P Vte ADVdgr NN Pfoc Vfin PSSa Vfin NN Pfoc ADV ADJ_n PVfin PSSa NT PVcnd NAMEorg P Vfin NF Pnom NAMEloc Pgen P Vte Vfin PQ Vfin NF PVfin PSSb .
ADVdem PVfin PSE .
ADJifin PVfin PSE PSE .
ADVdem PVfin PSE .
NAMEloc Pgen NN PNsf Pgen NF Pnom Vfin PSSa .
ADVdem PVfin PSE .
ITJ .
Ndem PVfin PSSa ADJifin NF PVfin PSSb .
PRON Pfoc NAMEloc Pgen NN Pgen Pnom CDU Pcnj CNJ NAMEorg Pgen CD CD UNIT PQ Vfin NF Pnom Vte NAMEloc CDtime CDtime P VN VSte NAMEloc P Pfoc CDtime CDtime P Ntmp Pgen CDtime CDtime P Vfin .
CNJ VN NF PVfin PSSb NT P VN NF PVfin PSSb NT P NAMEloc Pacc Vfin NF PVfin PSSb CD UNIT Vte NT P NAMEloc Pacc VN VSfin NF P NT Pgen CDtime NN P VN VSfin NN PQ Vfin NF PVfin PSSb .
ADVdgr NN Vfin NF Pfoc ADJ_n NF PVfin PSSb NAMEloc P Vte VAUXfin NF Pnom CDtime PQ Vfin PSSa ADVdgr ADJiku Vte VAUXfin NF PVfin PSSb .
NN NN Vte VAUXfin Ntmp Pfoc ADVdgr NN Pgen NF Pnom ADJifin Pcnj NN Vfin PVfin PSE .
ITJ .
ITJ .
ADVdem .
NN P ADJiku Vte VADJicnd ADJifin NF Pnom ADJifin PSSa .
ITJ .
ADV ADJiku NAMEloc Pgen NF P Vcnd ADJifin PSE PQ .
ADVdem PVfin PSE .
ITJ .
CNJ Vfin .
ADJ NN NF PVfin PSSb CNJ NN ADJiku Vte CDtime CDtime Nsf Pgen P Vfin .
Ndem P -- VN VSfin .
