NAMEper NAMEper PQ Vfin
NAMEper NAMEper PQ Vfin
NAMEper PNsf Ntmp ADV NN ADJifin PVfin PSE ADV NAMEloc Pgen VN Pgen NF P VN VADJi NF PVfin PQ Vfin
CNJ CNJ
ADJ_n PVfin PQ Vfin
CNJ ADV Ntmp Pgen -- CDdate P P Vte VAUXfin NF PVfin PSSb CDdate PVfin PSSa NN Pgen NF NF PVfin PQ Vfin
ADJ_n PVfin PQ Vfin
CDdate Pfoc Ntmp Pfoc NN Pnom Vfin PSE PQ Vfin NF P
NN Pgen Ntmp Pfoc ADJ_n PVfin PQ Vfin
CNJ CNJ
ADVdem Vfin PSSa CDdate Pgen NT Nsf Pcnj Pfoc ADVwh PSE PQ Vfin
ADJ_n PVfin PQ Vfin
CNJ CNJ
NN P CDdate PVfin PSSa Nwh Nsf Vte VAUXfin NF P Vfin PSE NN Pnom
CDdate PVfin PSSa CDU Pgen VN Pgen NN Pnom CDdate Pgen NT P Vfin Pcnj
CNJ CNJ
CDdate Pgen NT Pfoc CDtime P VN Pnom Vte ADV ADV ADVdgr ADJifin NN NN P Vte VAUXfin PSSa ADJifin NF PVfin PQ Vfin
ADVdem Vfin PSSa CDdate Pgen NT Pfoc ADJ_n PVfin PQ Vfin
CNJ CNJ
ADJ_n PVfin PSE
ADJ_n PVfin PQ Vfin
CNJ CNJ
CNJ ADVdem Vfin PSSa NT Nsf PVfin PSSa NT NT Vfin PSSa NN NN P Vfin NF PVfin PQ Vfin
Ndem Pfoc ADJ_n PVfin PQ Vfin
CNJ CNJ
ADJ_n PVfin PSE
CDdate Pgen NT Nsf P CDdate Pgen NT NAMEloc VN P Vfin NF P
CDdate Pgen NT P VN Pnom ITJ NN Pfoc Nwh Pfoc Vfin NF P
ADJ_n PVfin PSE
ADJ_n PVfin PQ Vfin
CNJ NN Pgen NF Pfoc CDdate Pgen NT P CDdate Pgen NT NAMEloc VN P Vfin NF P Vfin Pcnj
ADJdem NN P CNJ NN NF PVfin PSSb PRON Pgen NF P NN Pacc Vte VAUXfin NF PVfin PSSb CDdate Pgen NT PVfin PSSa CD UNIT Vfin NF PVfin PQ Vfin
Ndem P NAMEorg NAMEorg PQ Vfin NF PVfin PSE NAMEorg NAMEorg PVfin PSSa NAMEloc Nsf Pnom CDtime P Vte NAMEloc Nsf Ntmp Pgen CDtime CDtime NAMEloc Nsf P Vfin Pcnj
NAMEorg PVfin PSSa ADV ADVdgr NN Pnom ADJiku Vte CDtime CDtime NAMEloc Nsf NAMEloc Nsf CDtime CDtime P Vfin PSSb NN Pgen NF Pfoc Nwh Pnom NN ADJifin PVfin PVfin PSE
ADVdem PVfin PSE ADV VN VADJi PQ Vfin
ADJifin NN Pgen CDtime CDtime Nsf PVfin PSE Ndem Pgen NF P Vte Ntmp PVfin PQ Vfin
CNJ Ndem NAMEorg P Vfin PSSb CDtime CDtime NAMEloc Nsf P NAMEloc Nsf CDtime CDtime Ndem P Vfin Pcnj
CNJ VN NN NF PVfin PSSb CDU NN Pfoc CDdate Pgen NT PVfin PSSb NN Pacc Vfin NF Pfoc CDdate Pgen NT P Vfin Pcnj
ADVdem Vfin PSSa Ndem Pfoc NAMEorg P Vfin NF PVfin PQ Vfin
CNJ Ndem NN NAMEloc P Vfin NF Pnom ADJifin PVfin PVfin PSE
NN Pnom
NN P ADV NN Pgen NN Pfoc Vfin NF P
VN PQ Vfin NF P Vfin NF P
ADJ_n PVfin PQ Vfin
ADVdem Vfin PSSa NAMEloc Nsf Pnom CDtime Pcnj CDtime Pcnj NN Vfin PSSb ADV ADJifin NF PVfin PSE NN Pgen NF Pnom Vfin PSSa ADJiku Vte Pfoc ADJiku Vfin PQ Vfin NF Pnom ADV NAMEloc P CDtime ITJ CDtime NAMEloc Nsf Pnom Vfin NF PVfin PQ Vfin
Nwh Pnom ADJifin PVfin PVfin PSE
Vfin NN Pfoc ADJ NF PVfin PSE NN Pnom
ADV CDU Pnom NAMEloc NN P NN Pnom NAMEloc Nsf NF PVfin PQ Vfin
CNJ NAMEloc Nsf CDtime CDtime Pnom CDU Nsf NN Pnom
CNJ ADV CD UNIT Pgen NF Pnom NAMEloc Nsf CDtime CDtime NAMEloc Nsf CDtime P Vfin Pcnj
Nwh Pnom ADJifin PSE PQ Vfin
ADVdem PVfin PSE NAMEloc P Pfoc VN Pcnj Vfin PQ Vfin
ADVdem Vfin NN Pnom
Ndem Pgen NF Pnom NN Pfoc ADVdgr ADJ_n PVte CDU NN Pnom
CNJ NAMEloc Nsf CDtime CDtime P Vte Pfoc ADJifin PVfin PVfin PSE
CNJ CNJ
VN NN Pnom
CNJ CNJ
CNJ VN NN Pfoc Ndem Pgen NF P VN Vte VAUXte P
NN Pgen NF Pacc VADJi Pfoc Vfin PSE NN Pnom
ADVdem Vfin NN Pnom
NN NF PVfin PQ Vfin
ADJdem NN NAMEloc Pacc Vte VAUXfin Vfin VN Pacc Vte Ndem P NN P Vfin PSE NAMEloc PQ Vfin NN Pacc Vfin NF PVfin PSSb Ndem Pgen NF P ADJifin PVfin PVfin PSE
ADJifin PVfin PVfin PSE
NN P Vfin NF PVcnd ADV NN ADJ_n ADJsf NF Pnom Vfin NF PVfin PSE NN Pnom
ADVdem PVfin PSE CDU ADJ_n ADJsf NF P Pfoc ADJifin NF PVfin PSSb NN P ADJifin NF Pfoc Vte ADV NN Pgen NN Pnom ADJifin PSE PQ Vfin NF P
ADV VN Pgen NN Pfoc NN P ADJifin PSSa ADJ_n PVfin PSE NN Pnom
PRON Pfoc Ndem P ADVdgr NN ADJifin PVfin PSE
ADJ_n PVfin PQ Vfin
CNJ PVfin PSE NN Pcnj NN Pgen NN Pgen NF NF PVfin PSSb Nwh Pfoc ADJ_n PSSa PRON P Vte Pfoc NN Pgen NN P VADJi PSE PQ Vte VAUXfin NF PVfin PQ Vfin
NN Pgen NF P NN Pnom ADJifin NF PVcnd PRON Pfoc NN Pgen NF Pnom ADJifin PVfin PVfin PSE
CNJ NN P Vfin PQ Vfin
ADVdem Vfin NN Pnom
ADVdem PVfin PSE VN Pgen NN VN Pfoc NT PVfin PSSa NN Vfin PQ Vfin
ADVdem PVfin PSE NN Pnom
ADV NN Pnom Vfin NF PVfin PSSa ADVdgr NN Pfoc Vte VADJi PVfin PSE NN Pnom
PRON ADV NN Pgen NN PQ Vfin NF Pacc Vte VADJi NF PVfin PQ Vfin
ADJifin PVfin PVfin PSE
PRON Pfoc Vte VADJi PVfin PSE
CNJ Ndem VADJi PQ Vfin
ADVdem Vfin NN Pnom
CNJ ADV Ndem P Vfin
CNJ CNJ
CNJ ADV NN Pcnj NN Pfoc Ndem P Vfin PSSa VN Pnom Vbas PADV VN Pgen NF P ADV VN Vfin PSSa NAMEper PNsf Pgen NF Pfoc Vbas PADV VN VSte NN Pnom
CNJ CNJ
CNJ CNJ
NN Vfin Pcnj
NN Vfin Pcnj
ADVdem Vcnd PVfin PSE
NAMEper NAMEper PQ Vfin
CNJ CNJ
NAMEper PQ Vfin
CNJ CNJ
NAMEper PQ Vfin
Ntmp PVfin PSSa Ntmp Pgen NAMEloc VN Pgen NF Pgen VN Pacc Vte Vfin PQ Vfin
ADVdem Vfin NN Pnom
NN Pgen NF NF PVfin PQ Vfin
ADJ_n PVfin PSE
ADJ_n PVfin PSE
CNJ ADV NN P VN PQ Vfin
CNJ CNJ
Ntmp P NN NF PVfin PQ Vfin
PRON Pgen NF Pfoc CDdate P ADVdgr NN Pnom Vte ADV CDdate P Vcnd PQ Vte VAUXfin NF PVfin PQ Vfin
NAMEper PNsf Pgen NF Pgen NN Pfoc ADJ_n PVfin PQ Vfin
PRON Pgen NF Pfoc CD CDdate Pgen NF P Pfoc VADJi NF PVfin PQ Vfin
CNJ CNJ
NAMEper PNsf Pgen NF Pnom CDdate Pnom ADJifin PQ Vfin NF PVcnd PRON Pgen NF Pfoc CDdate P Pfoc Vfin NF P
CDdate P NN Vfin Pcnj
ADVdem Vte VAUXfin PSSa ADJifin PVfin PSE
PRON Pgen NF Pnom CD CD -- VN Pnom Vte VAUXfin PQ Vfin
CDdate Pgen Ntmp Pgen NF PVcnd ADJdem CDdate Nsf CDdate Nsf PQ Vfin PSE NT PVfin PSSa ADJifin NF PVfin PSSb Nwh Pgen NF Pnom ADJifin PVfin PSE NN Pnom
ADVdem PVfin PSE CDdate P PQ Vfin NF Pnom PRON Pfoc ADJifin PQ Vfin NF PVfin PSSb Vte VAUXfin PSE PQ Vfin
CNJ CNJ
Vte VAUXte P
ADJ_n PVfin PSE
CNJ ADVdem PVfin PSE CNJ CDdate VN PQ Vfin NF P ADV ADJifin PVfin PSE NN Pnom
Ndem Pnom ADJifin P Vfin Pcnj
ADVdgr NN Pgen NF P Vte Pfoc Ndem P Vfin
CNJ CDdate P VN PQ Vfin
CNJ CDdate P VN PQ Vfin PSSa NT P Ndem P Vte VAUXfin NF P Vfin PSSb ADJ_n PVfin PQ Vfin
CNJ CNJ
ADV NN Vcnd
CNJ CDdate P ADV VN PQ Vfin NF P Vfin
CNJ CDdate CDdate P Ndem P VN VSfin NF P Vfin Pcnj
CNJ PRON Ntmp ADV NAMEloc Nsf Pgen NN Pacc Vte NN Pgen NN Pacc Vte VAUXfin NF PVfin PSSb Ntmp ADV ADV VN VADJi PQ Vte VAUXfin NF PVfin PSSb NT PVfin PSSa ITJ CDtime NAMEloc Nsf Pgen NN Pnom CDU Vte VAUXfin PSSa CNJ NAMEorg Pgen NF Pnom Vfin NF PVfin PQ Vfin
NN Pgen NN Pfoc ADV VADJi NF PVfin PSSb NAMEorg P Vfin PSSa NAMEloc P CDtime Nsf Vfin NF PVfin PSSb Ndem PVfin PSSa Ntmp Pgen CDtime Nsf P Vte VAUXfin NF PVfin PSSb ADJdem NF ADV Ntmp Pfoc ADV NF PVfin PQ Vfin
Nwh Pgen NF Pnom ITJ ADJifin NF PVfin PSE NN Pnom
PRON NN P Vfin NF ADV NN Vcnd
CNJ CNJ
Ndem Pfoc ADJiku NAMEloc Pgen NF P VADJi NF P Vfin Pcnj
ADVdem PVfin PSE CNJ NN Pgen Ntmp P ADV VN P Vfin
ADJiku Vte VAUXfin NF PVfin PSE
CNJ CNJ
CNJ CNJ
ADJifin PVfin PVfin PSE
CNJ ADJifin NF P NAMEorg P Vfin Pcnj
NN Pnom NAMEloc CDtime Nsf PVfin PSE
CNJ NN Pgen NAMEloc Pgen NAMEloc Pgen NF P CDtime CDtime P Vfin Pcnj
CNJ Ndem Pgen ADJifin NF P Vfin Pcnj
CNJ CNJ NN Pgen NF Pfoc ADJ_n PSSa ADV Ntmp VN VADJi PQ Vte VAUXfin NF PVfin PSSb NN Pnom NT P Ndem P Vte VAUXfin NF P Vfin PSSa NT P NAMEloc Pacc Vfin NF PVfin PQ Vfin
NT Pgen NF Pnom CDU NN Pnom Vte ADVdem PVfin PSE Ntmp CDtime Nsf P NAMEloc Pacc Vte CDtime Nsf P NAMEloc P Vfin NF Pnom CDU Vte NAMEloc Pcnj NAMEloc Pacc CDtime CDtime NN P Vte NAMEloc P ADV NT P Vte VAUXfin NF P Vfin NF PVfin PSSb NN Pgen NF Pfoc NN VN PQ Vfin NF Pfoc ADJ_n PVfin PQ Vfin
ADVdem PVfin PSE NAMEloc P ADVdgr Pfoc ADJiku VADJi PQ Vfin NF P
ADVdem PVfin PSE NN Pnom
ADJifin NF Pgen NN P Vfin
ADJ_n PVfin PQ Vfin
CNJ CNJ
CNJ ADJifin NF Pgen NN Pnom CDU Vfin NF PVfin PSSb CDU Vfin NF Pfoc NAMEloc P Vfin PSSa NAMEorg Pcnj NAMEorg P CDU Vfin NF PVfin PSSb Ndem P PRON NN P Vfin NF Pnom ADJ_n NF PVfin PQ Vfin
Ndem Pgen NF P ADJifin PVfin PSE NN Pnom
Ndem P Vfin Pcnj
ADJ_n PVfin PQ Vfin
CNJ Ndem Pgen NF P VN VSte VAUXfin PQ Vfin NF PVfin PSSb NAMEorg CDtime CDtime P NAMEloc Pacc Vte CNJ NAMEloc Pgen NAMEloc Pgen NF P NT Pgen CDtime P Vfin NF P Vfin Pcnj
Ndem P VADJi P Vfin Pcnj
ITJ ADVtmp Ndem P VN Pgen NF Vte VAUXfin PQ Vfin
NN Pgen NN Pgen NF P Vfin Pcnj
CNJ CNJ
CNJ CNJ
CNJ ADV Vfin PQ Vfin PSSa NN P VADJi PQ Vfin NF PVfin PQ Vfin
CNJ CNJ
NN P VSte Pfoc CDU Nsf Pfoc Vte VAUXfin NF PVfin PSSb NAMEloc PQ Vfin NN Pcnj NAMEloc PQ Vfin NN Pcnj CNJ NAMEloc PQ Vfin NN Pnom Vfin NF PVfin PQ Vfin
CNJ CNJ
CNJ CNJ
CNJ CNJ
ADVtmp NN Pcnj NN Nwh P Vfin PQ Vfin
ADJifin VN P NN Pgen NF P ADV -- VN VSfin NF P Pfoc ADJifin PVfin PSE
NN Pgen ADV VSfin NF P Vfin PSE ADV NN Vcnd
ADVdem Vfin NN Pnom
PRON Pfoc Ndem Pnom ADJifin P Vfin Pcnj
Ndem PVfin PSSa ADJifin NF PVfin PQ Vfin
CNJ CNJ
CNJ NAMEloc PQ Vfin NN P Pfoc NN Pnom Vte NAMEloc PQ Vfin NN P Pfoc NN Pnom Vfin PADJ NF PVfin PSSb PRON ADJteki P Pfoc CDdate P ADV ADJ_n P Pfoc ADJifin PSE PQ Vfin NN Pfoc Vfin PSSa NAMEloc PQ Vfin NN P ADV VADJi PSE PQ Vfin NF PVfin PSSb ADJ_n PVfin PQ Vfin
ADVdem Vfin NN Pnom
NN Pgen NN PQ Vfin NF Pfoc ADV NN Pgen NF NN Pcnj ADV ADVdgr ADJifin NF PVfin PSE
ADV Ndem P Vfin Pcnj
CNJ CNJ NAMEloc PQ Vfin NN P VN PQ Vfin NF P Vfin
CNJ CNJ
VN NN Pnom
Ndem P VN VN Pgen NF Pfoc VN VSte ADJifin PVfin PSE NN Pnom
ADVdem PVfin PSE NN Pgen NN PVfin PSSa CD CD UNIT P Vfin
CNJ CNJ
CNJ CNJ
PRON Pgen NF P VN Pfoc Vte VAUXte P
CNJ VN NN Pnom
CNJ CNJ VN Pacc NN NN PVfin PSSb NAMEloc PQ Vfin NF PVfin PQ Vfin
NAMEloc Pgen NF Pnom ADJ_n PVfin PQ Vfin PADV VN NN PSSa PRON Pgen NF P ADVdgr ADJifin NN Pacc Vte VAUXfin PQ Vfin
ADV Ndem P Vte VAUXfin PQ Vfin
ADV ITJ VN VN Pgen
CNJ Ndem Pgen VN Pgen NF Pfoc PRON Pgen NF P PRON Pgen NF P ADJiku Vte VAUXfin PSSa ADV ADJdem Ntmp CDdate P NN Vfin PSSa ADV Ntmp NN Pnom Vfin Ntmp P VN VSfin PQ Vfin
ADVdem Vfin NN Pnom
CNJ VN Vte VADJi P Vfin Pcnj
CNJ Ntmp Pfoc Vfin NF P Vfin
CNJ VN Pgen
CNJ CNJ
NN Vfin Pcnj
NAMEper NAMEper PQ Vfin
NN ADJifin PVfin PSE
NAMEper PNsf Ntmp Pgen VN Pgen NF NF PVfin PSSb NN PRON Pgen NF P CDdate CDdate CDdate P ADV ADV Vte Pfoc VAUXfin NF PVfin PSSb CDdate Pgen CDdate P VN PQ Vfin
CNJ CNJ
CNJ CDdate Pgen CDdate P VN VSfin PQ Vfin NN P ADJ_n PVfin PQ Vfin
Vte VAUXfin PQ Vfin
CDdate Pgen CDdate P Pfoc CDdate P VN VSfin CDdate P Pgen NT P Vfin
CNJ CNJ
PQ Vfin NF Pfoc ADJ_n PVfin PQ Vfin
Ndem P Pfoc VADJi PSSa VN PQ Vfin
Ndem PVcnd CDU Nsf Vte VAUXfin NF P Vfin NF PVfin PQ Vfin
NT P Vte VAUXfin PSSa CDdate Pgen CDdate P VN PQ Vfin
CNJ CNJ
CNJ NN NN Pgen NN NF PVfin PSSb NT PVfin PSSa CDU NN Pnom Vte NAMEorg CD CD UNIT PQ Vfin NF Pnom NAMEloc CDtime CDtime P Vte NAMEloc Pgen NF P CDtime CDtime P Vfin Pcnj
CNJ CNJ
NAMEorg CD CD UNIT PQ Vfin NF Pfoc NAMEloc Pacc CDtime CDtime P Vte NAMEloc Pgen NF P ADV CDtime CDtime P Vfin NF PVfin PQ Vfin
CNJ CNJ
VN VSfin NN Pfoc CDtime Nsf P VADJi PQ Vfin
PRON Pgen NF Pfoc Vfin NF PVfin PSSb NAMEorg Pgen NF Pnom ADJ_n P Vfin
ADV NAMEorg Pgen NF P VADJi PQ Vfin NF PVfin PQ Vfin
NAMEper PNsf VN PVfin PQ Vfin
PRON Pfoc NN Pnom PVfin PSE NAMEloc Nsf Pnom Vfin NF Pnom ADJifin PSSa ADJifin NF Pnom ADJifin P Vfin Pcnj
CNJ CNJ
CNJ CNJ
CNJ NAMEloc Pacc CDtime CDtime P VN VSfin NAMEorg P NN P Vfin Pcnj
CNJ CNJ
NAMEloc Pgen NF P Pfoc CDtime CDtime P Vfin Pcnj
CD PVfin PSE
CNJ CNJ
CNJ NN Pgen NF Pgen NN Pgen NF P Vfin
CNJ CNJ
Vte VADJi PQ Vfin NF PVfin PQ Vfin
CNJ CNJ
NT P NAMEloc Pgen NF Pacc VN VSfin PSSa Ndem Pgen NF Pfoc NAMEorg CD UNIT PQ Vfin NF Pnom NAMEloc Pacc CDtime P Vte CNJ ADV CDU CDU CD UNIT PQ Vfin NF Pfoc NAMEloc Pgen NF CDtime CDtime P VN VSfin NF PVfin PSSb PRON Pgen NN P Vte Pfoc NAMEloc Pgen NF P ADV ADJiku VN VADJi PSE PQ Vfin NF P
CD UNIT Pgen NF P NAMEloc Pacc CDtime CDtime P Vfin PQ Vfin NF P VADJi PQ Pfoc Vfin NF PVfin PSSb ADJ_n PVfin PQ Vfin
ADVdem PVfin PSE ADJifin NN NAMEloc P Pfoc PRON Pfoc VADJi PQ Vfin
Ndem P Vfin Pcnj
CNJ CNJ
CNJ NAMEloc Pacc CDtime CDtime P Vte NT Pgen CDtime CDtime P VN VSte Vte VAUXfin NF Pfoc Ntmp NN Pnom Vfin PSSa Ntmp Pgen CDtime PVfin PSE NN Pnom
CNJ CNJ
ADJ_n PVfin PQ Vfin
CNJ CNJ
-- NAMEloc P Vte VAUXte P
CNJ CNJ
VN NF PVfin PQ Vfin
CNJ CNJ
CDtime CDtime P Vfin PQ Vfin NF NF PVfin PSSb CDtime CDtime PVfin PSSa Ntmp ADJifin PVfin PSE NN Pnom
CNJ CNJ
CNJ CNJ
CNJ CNJ
CNJ CNJ
ADVdem Vfin PSSa NN Pgen NF NF PVfin PQ Vfin
NN P ADJifin NF Pnom VN VADJi PQ Vfin NF P
CNJ CNJ
CNJ CNJ
CNJ CNJ
CNJ CNJ
ADVdem Vfin NN Pnom
NN P ADJifin NN Pfoc NN Vfin Pcnj
CNJ CNJ
CNJ CNJ
CNJ CDU Nsf ADVdgr NN Pnom ADJifin NF PVfin PQ Vfin
CNJ CNJ
CNJ CNJ
CDU Pfoc NN Pnom Vte VAUXte , CDU Pfoc NN Pnom Vte VAUXte P
CNJ CNJ
CNJ CNJ
Ndem Nsf P NN Pnom ADJifin NF PVfin PQ Vfin
CNJ CNJ
Nwh Pgen NF Pnom NN PVfin Pcnj NN Vcnd
ADVdem PVfin PSE PRON Pfoc ADV NN ADJ_n PQ Vfin
CNJ CNJ
NN Pnom Vte VAUXfin NF Pnom ADJifin PSE PQ Vfin NF P
PRON Pfoc NN Pgen NF Pnom ADJifin PQ Vte VAUXfin PQ Vfin
CNJ CNJ
CNJ NN Pgen Vfin NAMEloc PQ Vfin NN P VN Vte VAUXte P
VN NN Pnom
NN Pgen NF P Vfin
NN Pgen NF NF PVfin PQ Vfin
NN Pnom CD CD UNIT NN Pnom CD CD NN Pnom
NN Pgen NF Pnom ADJifin PVfin PVfin PSE
ADVdem PVfin PSE ADV ADV PQ Vfin NN P VADJi PQ Vfin NF P
NN Pgen NF P Vfin Pcnj
CNJ CNJ
CNJ NN Pgen NF P VN Pacc Vte VAUXte P
CNJ CNJ
CNJ CDU Nsf Pfoc VN VSfin PQ Vfin PSSa ADV NAMEloc PQ Vcnd NN Pnom ADJifin PQ Vfin PSSa ADV -- -- -- ADV ADV ADV Vbas PADV NN Pfoc VADJi PSE PQ Vfin PSSa NN Pgen ADJifin NN Pacc ADV NN Pgen NN P Vte VAUXfin PQ Vfin
Ndem Pgen NF P Vfin Pcnj
ADV VN P Vfin
CNJ CNJ
CNJ NN P Vte VAUXfin PQ Vfin
ADV ADJdem Ntmp Pfoc ADJiku VN VN Pgen
CNJ CNJ
CNJ CNJ
ADJiku VN VN Pgen
CNJ CNJ
CNJ CNJ
CNJ CNJ
NN ADJifin PVfin PSE
NAMEper NAMEper PQ Vfin
NAMEper PNsf VN Pgen
CNJ CNJ
PRON Pfoc PVfin PSE VN Pgen NF P VN Pnom Vte CDU Vfin NF PVfin PQ Vfin
CNJ CNJ
CNJ CNJ
CNJ CNJ
VN Pfoc NAMEloc Pgen NAMEloc PQ Vfin NF P Vfin
CNJ CNJ
ADVdem Vfin NN Pnom
CNJ CNJ
NN Pgen NF P VADJi PQ Vfin NF P
CNJ CNJ
CNJ CNJ
PRON CDdate Pgen PVfin PSE CDdate P Vfin
CNJ CNJ
CNJ CNJ
CNJ CNJ
CNJ CNJ
CDdate P PVfin PSE NN Pnom ADJifin P Vfin Pcnj
CNJ ADJ_n PVfin PQ Vfin
CNJ CNJ
ADVdem PVfin PSE
CNJ CNJ
PRON Pfoc CDdate Pgen CDdate P Vte VAUXfin PQ Vfin
ADJ_n PVfin PQ Vfin
CNJ CNJ
CDdate Pgen CDdate PVfin PSSa CDdate Pgen CDdate P Vte VAUXfin NF Pnom PVfin PSE NT P Vfin Pcnj
CNJ CNJ
CDdate Pgen NN Pnom
ADVdem Vfin NN Pnom
CNJ CNJ
CNJ CNJ
ADJ_n PVfin PSE
CDU Nsf P Vfin NF P Vfin
CNJ NN Pgen NF VADJi PQ Vfin NF P
CNJ CNJ
CNJ CNJ
CNJ CNJ
CDdate NT NAMEorg CD UNIT Vte NAMEorg Pcnj NAMEorg Pcnj NAMEorg Pnom Vfin Pcnj
CNJ CNJ
CNJ CNJ
CNJ CNJ
CNJ CNJ
CNJ CNJ
CNJ NAMEloc Nsf NAMEorg P NAMEorg Pnom CDtime Nsf Pcnj CNJ NAMEorg Pnom CDtime CDtime Nsf NF PVfin PQ Vfin
CNJ CNJ
CNJ CNJ
PRON Pfoc ADV Ntmp Pfoc ADJ_n PSSa ADV ADJifin NF Pnom ADJifin NF PVfin PQ Vfin
CNJ CNJ
ADJ_n PVfin PQ Vfin
CNJ CNJ
NAMEorg Pnom CDtime CDtime CDtime Nsf P Vfin
Ndem P Vfin PQ Vfin
CNJ CNJ
CNJ CNJ
VN NN Pnom
Vfin NF Pfoc CDtime CDtime PQ Vfin NF P Vfin
ADJiku VN VN Pgen
CNJ CNJ
CNJ CNJ
VN NN Pnom
CNJ NN Pgen NN Pfoc ADV P Vte VADJi P Vfin Pcnj
CNJ CNJ
NT CDdate P Vfin NF P ADV NN Vfin Pcnj
CNJ CNJ
CNJ CNJ
CDtime P VN VSte , CDtime P NAMEloc VN P Vfin NF P -- CDtime CDtime NT CDtime CDtime P VN VSte ADV CDtime PVfin PSE P VN VSfin PQ Vfin
CNJ CNJ
CNJ CNJ
CNJ CNJ
CNJ CNJ
CNJ CNJ
ADV NAMEloc P Pfoc Vte VAUXfin NF Pnom ADJifin PVfin PSE NN Pnom
ADVdem Vfin NN Pnom
PRON Pfoc ADVdgr Pfoc ADJiku Pfoc ADJifin PSE PQ Vfin NF P
NAMEloc Pacc VN VSfin NF Pnom Ntmp Pgen Ntmp Pgen NT PQ Vfin NF P Vfin
NT Pgen CDtime CDtime P VN PQ Vfin NF P Vfin
ADJ_n PVfin PQ Vfin
CNJ CNJ
CNJ CNJ
CNJ CNJ
CNJ CNJ
CNJ CNJ
ADVdem PVfin PSE
CNJ CNJ
ITJ NN Pgen NF Pfoc ADVwh PVfin PSE
NN Pfoc PVfin PSE VN VSfin NF Pnom CDtime CDtime PQ Vfin NF P Vfin
ADJifin PSSa NN P ADJifin NF Pnom ADJifin NF P Pfoc NN PVfin PQ Vfin
CNJ CNJ
ADVdem Vfin NN Pnom
ITJ Ndem P ADV Vfin NF PVfin PQ Vfin
NN NN P ADVdgr ADJifin PQ Vfin PSSa NAMEloc Pnom ADJifin PSE PQ Vfin NF P
CNJ CNJ
CNJ CNJ
ITJ NN Pgen NF Pfoc -- NN PVfin PSSa CD CD UNIT P ADV ADJ_n PSE PQ Vfin NF P
ADJ_n PVfin PQ Vfin
CNJ CNJ
CNJ Ndem P Vfin Pcnj
CNJ CNJ
CNJ NN Pgen NF Pfoc NN Pcnj NN Nwh P Vfin PQ Vfin
CNJ CNJ
NN P ADJifin PVfin PSE
CNJ CNJ
CNJ NAMEloc Pgen NN P CNJ VN VSte VAUXfin NN Pnom
CNJ CNJ
CNJ CNJ
VN NN Pnom
VN NN Pnom
CNJ PVfin PSE CDdate ITJ Vfin NAMEloc PQ Vte VAUXfin PSSb Ndem P Pfoc NN PVfin PQ Vfin
CNJ CNJ
CNJ CNJ
ADVdem Vfin NN Pnom
CNJ NN Pfoc ADJ_n PQ Vfin PVfin PSSa Vfin NF P
VN Pgen NF Pfoc PVfin PSE Ntmp ADJifin NN P Pfoc NN Pacc Vte Vte VAUXcnd Vte Vte VAUXfin NF P Pfoc ADJifin NF PVfin PSE NN Pnom
CNJ CNJ
CNJ CNJ
CNJ CNJ
CNJ CNJ
CNJ CNJ
ADVdem Vfin NN Pnom
ADJifin NN Nsf Pfoc VADJi PVfin PSE NN Pnom
ADVdem Vfin NN Pnom
CNJ Ndem Pgen NF P NN Pcnj CNJ NN Pnom ADJ_n ADJsf VN Nsf Pacc VN VSte VAUXfin PQ Vfin
CNJ CNJ
CNJ CNJ
CNJ ADJiku VN VN Pgen
VN NN Pnom
CNJ Ntmp Pfoc PRON P Vte VAUXfin PQ Vfin
CNJ CNJ
NN Pnom
NN Vfin Pcnj
NN P VN PQ Vfin
CNJ CNJ
NAMEper NAMEper PQ Vfin
NAMEper NAMEper PQ Vfin
NAMEper PNsf ADV NN ADJifin PVfin PVfin PSE
CNJ CNJ
VN Pgen NF VN VADJi PQ Vfin
ADVdem Vfin NN Pnom
Vte VAUXte P
CNJ CNJ
ADVtmp NN Pgen NF NF PVfin PSSb ADVwh Vfin NN Pnom
PRON Pgen NF Pfoc CDdate Pgen CDdate P Vte VAUXfin PQ Vfin
PRON Pfoc Ndem Pnom NN Pnom ADJifin PVfin PSE
ADJ_n PVfin PQ Vfin
CNJ CNJ
CNJ CDdate Pgen CDdate Nsf P ADJifin PVfin PVfin PSE
CNJ CNJ
ITJ CDdate -- VN PVfin PSSa CDdate Pgen NT P NAMEloc P Vte VAUXfin NF P Vfin NF P
CNJ CNJ
PVfin PSE
ADJ_n PVfin PQ Vfin
ADJ_n PVfin PSE
CNJ CNJ
CNJ NN NN Pgen NF NF PVfin PSSb ITJ ADVdgr Ndem Pgen NF P Vte VAUXfin NF PVfin PQ Vfin
CNJ CNJ
PQ CDdate Pgen NT PVfin PSSa CD UNIT P Vfin
CNJ CNJ
NAMEloc Pacc CDtime Nsf Pgen NF Pcnj CDtime CDtime Nsf Pgen NF Pnom Vfin PSSb Nwh Pnom ADJifin PVfin PSE NN Pnom
Nwh Pnom NN P NAMEloc P Vfin PQ Vfin
ITJ PVfin PSE ADVdgr NN Vfin NF Pnom CDtime VN Pgen NF P NAMEorg Pcnj NAMEorg Pgen NN P Vfin NF P
CNJ Ndem P VN PQ Vfin
CNJ CNJ
NAMEorg Pcnj NAMEorg CDU P Vfin PQ Vfin
CNJ NAMEorg P VN PQ Vfin
CNJ CNJ
CNJ NAMEorg P CDtime Nsf P NAMEloc Nsf Pnom CDtime CDtime P ADJifin PVfin PVfin PSE
CNJ CNJ
CNJ CNJ
CNJ Ndem Pgen NF P VN Vte VAUXte P
VN NN Pnom
CNJ NN Pgen NN Pgen NF Pfoc Vte VAUXfin PQ Vfin
ADVdem Vfin NN Pnom
CNJ CNJ
ITJ NN Pfoc CDdate NT VN P Vfin PADJ PSSa NT Nsf Pgen NF Pfoc CD UNIT P Vfin
CNJ CNJ
ITJ Ndem Pfoc NAMEloc Pacc CDtime VN Pgen NF Pcnj CDtime Pgen NF Pcnj CDtime Pgen NF Vfin NF P
CNJ NN P VN VSte NN VN VSfin PQ Vfin
ADVdem Vfin NN Pnom
CNJ ADVdgr ADJifin NF P ADJifin PVfin PSE NN Pnom
CNJ CNJ
CNJ NAMEloc Pacc CDtime CDtime VN P Vfin PQ Vfin
Ndem P ADJifin PVfin PVfin PSE
CNJ CNJ
CNJ Ndem Pfoc NAMEorg Pgen CD UNIT P Vfin Pcnj
CNJ CNJ
CNJ NAMEloc P Vfin NF Pnom CDtime P NT CDtime P Vfin NN Pnom
CNJ CNJ
CNJ CNJ
CNJ Ndem Pfoc ADV NAMEorg P VN VSfin NF P Vfin Pcnj
CNJ CNJ
CNJ CNJ
CNJ CNJ
CNJ Ndem Pgen NF VN Vte VAUXfin NN Pnom
VN NN Pnom
CNJ NN Pgen NF PRON Pnom NN NN VN VSte VAUXfin NF Pnom Vfin NF PVfin PQ Vfin
NN Vfin Pcnj
CDU Pfoc NN Pnom Vfin NN P CDU Pfoc NN Pgen NN NN Pgen CDU Pfoc NN Pgen NN Pnom Vfin NF PVfin PSSb NN P ADJifin NF Pnom ADJifin PVfin PVfin PSE
CNJ CNJ
CNJ CNJ
NN P ADJifin NF P VN PQ Vfin
CNJ NN P NN P NN Pnom Vfin NN P Vfin PQ Vfin
ADJifin PVfin PVfin PSE
VN NN Pnom
CNJ NN Pcnj NN Nwh P Vfin PQ Vfin
ITJ NN Pgen NF Pnom NN Pnom Vte ADJifin PVfin PSE NN Pnom
ADVdem Vfin NN Pnom
CNJ CD CD UNIT P CNJ NN Pgen NF P VN Pacc Vte VAUXte P
CNJ CNJ
CNJ CNJ
CNJ CNJ
Nwh PQ Vfin NN Pgen NN PVfin PQ Vfin
CNJ CNJ
NAMEloc PVfin PSE
CNJ CNJ
CNJ CNJ
VN NN Pnom
ADVdem PVfin PSE CNJ VN Pgen NF Pfoc ADVwh Vfin NN Vfin PQ Vfin
VN Pfoc ADVwh Vfin NN Pnom
ADV PRON Pfoc ADJifin NN Nsf Pacc VADJi PSSa ADV Pfoc ADJifin NN Nsf P ADJ_n PVfin PQ Vfin
ADVdem Vfin NN Pnom
CNJ NN Pgen NN Pacc Vfin NN P ADVdem Vfin NN Pfoc Vte VAUXte P
CNJ CNJ
VN NN Pnom
CNJ ADV NN P Vte Pfoc Ntmp P Vfin Pcnj
CNJ CNJ
CNJ CNJ
ADVdem Vfin NN Pnom
CNJ VN NN Pnom
CNJ CNJ
CNJ VN Pgen
CNJ CNJ
NAMEper NAMEper PQ Vfin
ADVdem Vcnd PVfin PSE
NAMEper PNsf Ntmp Pgen NAMEloc P Pgen VN Pgen NF P Ntmp NN ADV ADJ_n PVfin PQ Vfin
CNJ CNJ
Ntmp PVfin PSSa ADV ADJifin NN Vcnd
CNJ NAMEper PNsf Ntmp VN Pgen
ADVdem Vfin NN Pnom
NN Pgen NF ADV Ntmp P Vte VADJi NF PVfin PQ Vfin
CNJ CNJ
PRON P Vte Pfoc CDdate Pgen NT Nsf Pnom ADJifin NF PVfin PQ Vfin
CDdate Nsf PQ Vfin
CDdate Pgen NT P PQ Vfin
CNJ CNJ
PRON Pgen NF Pnom CD UNIT PQ Vte VAUXfin PQ Vfin
ADV NN PVfin PSSa ADV ADJifin NF PVfin PQ Vfin
CNJ CNJ
CNJ CNJ
CNJ CDdate P Pfoc Nwh Nsf Pnom ADJ_n PVfin PQ Vfin
ADJ_n PVfin PQ Vfin
CNJ CNJ
CDdate PVfin PSSa NT PVfin PSSa ADVdgr ADJifin NF PVfin PQ Vfin
NN Pgen Ntmp Nsf Nsf PVfin PSSa ADVdgr ADJifin PVfin PVfin PSE
CNJ PRON Pgen NF Pnom ADJ_n P Vfin
CNJ CNJ
CNJ CDdate P Vfin Pcnj
ADVdem Vfin NN Pnom
Nwh Nsf Pnom ADJ_n PVfin PQ Vfin
CDdate Pfoc ADV Vte VAUXte P
CNJ PRON Pfoc CDdate Nsf PQ Vfin
ADVdem PVfin PSE , ITJ
CDdate Nsf Vfin PSSb CDdate Nsf PVcnd ADJ_n PVfin PQ Vfin
CNJ CDdate Nsf P Vfin Pcnj
CNJ CNJ
CNJ CDdate VN P ADJifin PVfin PVfin PSE
CNJ CNJ
ADJifin PVfin PVfin PSE
CNJ CNJ
CNJ CDdate VN PVcnd CDdate P NAMEloc P VN PVfin PSE NN Pnom
ADJ_n PVfin PQ Vfin
CNJ CNJ
CNJ NN Pgen NF Vte VAUXte P
CNJ CNJ
CNJ CDdate Pgen NT PVfin PSSa NAMEloc Nsf Pfoc CDU P Vfin NN Pnom
CDtime CDtime P NAMEloc Nsf P Vfin
CNJ CNJ
NAMEloc P CDtime CDtime P VN PVfin PSSa CDtime P VN P Vfin Pcnj
CNJ CNJ
NN P NN Pfoc Nwh Pgen NN PVfin PQ Vfin
NAMEorg P Vfin Pcnj
ADJ_n PVfin PQ Vfin
CNJ CNJ
CNJ CNJ
CNJ NN Pfoc Vte VAUXte P
CNJ CNJ
CNJ CDdate NT Pgen NN Pfoc CD UNIT Vfin NF PVfin PQ Vfin
NT P CDdate CDdate Pgen NT P VN VSfin PSSa CDdate VN PVfin PSE NN Pnom
ADVdem Vfin NN Pnom
CNJ
ADVdem PVfin PSE NN Pnom
CNJ CNJ
CNJ CDdate Pgen NT Pgen NN Vfin NN Pnom
CNJ CNJ
VN NN Pnom
CNJ Ntmp ADV NAMEloc P Vfin NF Pcnj CDtime CDtime Pcnj CDtime CDtime P NAMEloc Pnom Vfin NF NN P Vfin NF Pnom ADJifin PVfin PVfin PSE
CNJ CNJ
ADJ_n PVfin PQ Vfin
PRON ADV CDU Vfin PQ Vte VAUXfin PQ Vfin
NAMEloc P ADJiku Vte VN VADJi PQ Vte VAUXfin NF PVfin PQ Vfin
CNJ NAMEloc P ADJiku Vfin NF Pgen NAMEloc Pacc CDtime Nsf P NAMEloc P CDtime CDtime P Nsf Pgen P Vfin Pcnj
CNJ CNJ
CNJ CNJ
Ndem P VN PQ Vfin
CNJ CNJ
CNJ ADV Vfin PRON NN Pgen NF Pacc Vfin Ntmp Pacc VN VSte VAUXfin PSSa Vte VAUXfin PQ Vfin
ADVdem Vfin NN Pnom
ADV Ndem PRON Ntmp NN P Vfin NF PVfin PQ Vfin
CNJ CNJ
ADV VN Pgen NF P CDU Ndem Pgen NF Pnom Vfin Pcnj
CNJ CNJ
ITJ NAMEloc PQ Vfin NN Pnom ADVdgr ADJifin NN Pnom Vte NN Pfoc ADV NN Pgen NN Pcnj NN ADJifin NF PVfin PQ Vfin
NN NN Pgen NF Pfoc Vfin PQ Vfin
ADV ADJifin PSSa CNJ Ndem P ADJifin PVfin PVfin PSE
CNJ ADJdem NN Pnom ADV P ADJifin NN P ADJifin NN PVfin PQ Vfin
Ndem Pgen NN VN VSte VAUXfin PQ Vfin
VN NN Pnom
CNJ CNJ
ADVdem PVfin PSE CNJ NAMEloc P NAMEloc P CDtime Nsf P Vfin NF P
CNJ CNJ
NN ADJdem NN P VN VSfin PQ Vfin
ADVdem Vfin NN Pnom
ADVdem PVfin PSE
ADV VN P Vfin
NN Pgen NF ADV NN Pcnj NN Pcnj NN Vcnd
CNJ NN Pgen NF ADVdgr Vte Vte VAUXfin NF PVfin PQ Vfin
ADJifin NF PQ Vcnd Vfin PQ Vfin PSSq NN P PSSa Nwh Pnom ADJifin PVfin PVfin PSE
CNJ NN P NN P Vfin
ADVdem PVfin PSE NN Pnom
ADV ADJiku Vte VAUXte P
CNJ NN Pgen NF P Vte VAUXfin PQ Vfin
ADVdem PVfin PSE
CNJ CNJ
CNJ
VN NN Pnom
CNJ CNJ
CNJ NAMEloc P CDtime Nsf P Vfin PSSa ADVdgr ADJifin NN P Pfoc ADJifin NF PVfin PSSb PRON Pfoc NAMEloc P ADV Vfin NF P
CNJ CNJ
NN Vfin NF Nsf NN Pacc VN VSfin PQ Vfin
ADVdem Vfin NN Pnom
Ntmp Pgen NAMEloc NN Pacc CDU VN VSfin NN Pcnj NN Pcnj Vfin PQ Vfin NF P
Ndem VN VSte VAUXfin PQ Vfin
ADVdem Vfin NN Pnom
CNJ Ndem Pgen NF Vte VAUXte P
ADJiku VN VN Pgen
ITJ CNJ ITJ CNJ CNJ
ADV ADJiku P Vfin Pcnj
ADJiku VN VN Pgen
CNJ CNJ
NN Vfin Pcnj
ADVdem Vcnd PVfin PSE
NN ADJifin PVfin PSE
NAMEper PNsf VN Pgen
CNJ CNJ
ADV ADV VN VSfin PQ Vfin
NAMEloc Pgen VN Pgen NF Pacc Ntmp P VN VSfin NF Pfoc Vfin PQ Vfin
CNJ CNJ
ADJifin PVfin PVfin PSE
CNJ ADV P Vfin Pcnj
ADV ADVdgr ADJ_n ADJsf NN NF PVfin PSSb Nwh Nsf PVfin PSSa ADVdgr NN Pnom ADJifin PVfin PVfin PSE
PRON CDdate Pgen NN Nsf Pnom Vte VAUXfin NF Pnom ADJifin NF PVfin PSSb Vte VAUXfin Ntmp Pnom ADJifin NF PVfin PQ Vfin
ADJ_n PVfin PQ Vfin
CNJ CNJ
PRON NN Pcnj NN P Vfin VN Pnom Vte VAUXfin NF PVfin PQ Vfin
Ndem Nsf PVfin PSSa Vfin PSSa NAMEloc Nsf Pcnj PQ Vfin Vfin PSSa ADJ_n PVfin PQ Vfin
CNJ CNJ
CDdate Nsf PVfin PSSa ADV VN Pnom Vte VAUXfin PQ Vfin
PRON Pfoc CDdate Nsf Pnom ADJifin NF PVfin PQ Vfin
CNJ ADV CDdate Pfoc ADJ_n PVfin PQ Vfin
ADVdem Vfin NN Pnom
CNJ PRON Pgen NF NF PVfin PQ Vfin
CNJ CNJ
CDdate Pgen NF Pacc Ntmp Vte VAUXfin PSSa Vte VAUXfin NF PVfin PQ Vfin
ADJ_n PVfin PQ Vfin
ADV CNJ ADV VN VSte VAUXfin PADJ PVcnd NN Pnom
CNJ CNJ
ADVdem Vfin NN Pnom
CNJ PRON Ntmp NN Vfin PSSa CDdate Pgen CDdate Nsf P PVfin PSSa CDU Nsf ADVdgr Vte VAUXte P
CNJ CNJ
ADV ADV PQ Vte VAUXfin NF PVfin PQ Vfin
CNJ CDdate Pgen NT P P Pfoc ADVwh PVfin PSE
ADVdgr ADJ_n PVfin PSSa CNJ CDdate VN PQ Vfin NF P ADJifin PVfin PVfin PSE
CNJ CNJ
CDdate P VN VSfin PSSa NT Pgen CDdate P Vte VAUXfin PSSb NN PVfin PQ Vfin
CNJ CNJ
CNJ CDdate VN P CDdate VN PQ Vfin NF P Vfin
VN NN Pnom
ADVdem Vfin NN Pnom
CNJ CNJ
CNJ PRON ADV NAMEloc NAMEloc CDU Pgen NN NN Pacc Vte VAUXfin PSSa Ntmp ADV Vte VADJi PQ Vfin NF PVfin PQ Vfin
ADJ_n PVfin PQ Vfin
CNJ CNJ
VN NN Pnom
PQ CDdate Pgen NT PVfin PSSa ADV NAMEloc Nsf NAMEloc Nsf NAMEloc Nsf Pnom CD UNIT Vte NAMEorg Pcnj NAMEorg P Vte ADVdgr NN Pfoc Vfin PSSa Vfin NN Pfoc ADV ADJ_n PVfin PSSa NT PVcnd NAMEorg P Vfin NF Pnom NAMEloc Pgen P Vte Vfin PQ Vfin NF PVfin PQ Vfin
ADVdem Vfin NN Pnom
ADJifin PVfin PSE NN Pnom
ADVdem Vfin NN Pnom
NAMEloc Pgen NN PNsf Pgen NF Pnom ADV NN Vcnd
ADJ_n PVfin PQ Vfin
CNJ CNJ
Ndem PVfin PSSa ADJifin NF PVfin PQ Vfin
PRON Pfoc NAMEloc Pgen NN Pgen Pnom CDU Pcnj CNJ NAMEorg Pgen CD CD UNIT PQ Vfin NF Pnom Vte NAMEloc CDtime CDtime P VN VSte NAMEloc P Pfoc CDtime CDtime P Ntmp Pgen CDtime CDtime P Vfin Pcnj
CNJ VN NF PVfin PSSb NT P VN NF PVfin PSSb NT P NAMEloc Pacc Vfin NF PVfin PSSb CD UNIT Vte NT P NAMEloc Pacc VN VSfin NF P NT Pgen CDtime NN P VN VSfin NN PQ Vfin NF PVfin PQ Vfin
ADVdgr NN Vfin NF Pfoc ADJ_n NF PVfin PSSb NAMEloc P Vte VAUXfin NF Pnom CDtime PQ Vfin PSSa ADVdgr ADJiku Vte VAUXfin NF PVfin PQ Vfin
NN NN Vte VAUXfin Ntmp Pfoc ADVdgr NN Pgen NF Pnom ADJifin Pcnj NN Vfin PSE PQ Vfin
CNJ CNJ
CNJ CNJ
CNJ CNJ
NN P ADJiku Vte VADJicnd VADJi NN Nsf ADJifin PQ Vfin
CNJ CNJ
ADV ADJiku NAMEloc Pgen NF P Vcnd ADJifin PSE PQ Vfin
ADJ_n PVfin PQ Vfin
CNJ CNJ
CNJ VN Pgen
ADJ NN NF PVfin PSSb CNJ NN ADJiku Vte CDtime CDtime Nsf Pgen P Vfin Pcnj
Ndem P -- VN PVfin PSE
